2025-09-10 19:25:02,823 ERROR [1757557500962]              IOUtils.java:278  | Unmapping is not supported.
java.lang.reflect.InaccessibleObjectException: Unable to make public jdk.internal.ref.Cleaner java.nio.DirectByteBuffer.cleaner() accessible: module java.base does not "opens java.nio" to unnamed module @41fbdac4
	at java.base/java.lang.reflect.AccessibleObject.throwInaccessibleObjectException(Unknown Source)
	at java.base/java.lang.reflect.AccessibleObject.checkCanSetAccessible(Unknown Source)
	at java.base/java.lang.reflect.AccessibleObject.checkCanSetAccessible(Unknown Source)
	at java.base/java.lang.reflect.Method.checkCanSetAccessible(Unknown Source)
	at java.base/java.lang.reflect.Method.setAccessible(Unknown Source)
	at org.apache.pdfbox.io.IOUtils.unmapper(IOUtils.java:244)
	at java.base/java.security.AccessController.doPrivileged(Unknown Source)
	at org.apache.pdfbox.io.IOUtils.<clinit>(IOUtils.java:69)
	at org.apache.pdfbox.Loader.loadPDF(Loader.java:378)
	at org.audiveris.omr.image.ImageLoading.getPdfLoader(ImageLoading.java:159)
	at org.audiveris.omr.image.ImageLoading.getLoader(ImageLoading.java:209)
	at org.audiveris.omr.sheet.Book.createStubs(Book.java:557)
	at org.audiveris.omr.CLI$ProcessingTask.processBook(CLI.java:830)
	at org.audiveris.omr.CLI$CliTask.call(CLI.java:504)
	at org.audiveris.omr.Main.runBatchTasks(Main.java:371)
	at org.audiveris.omr.Main.main(Main.java:260)
	at Audiveris.main(Audiveris.java:50)
2025-09-10 19:25:02,880 INFO [1757557500962]                 Book.java:562  | 1 sheet in /Users/isabellelin/Documents/polygence-website/uploads/1757557500962.pdf
2025-09-10 19:25:03,006 INFO []                 Book.java:2531 | Stored /book.xml
2025-09-10 19:25:03,007 INFO []                 Book.java:2491 | Book stored as /Users/isabellelin/Documents/polygence-website/uploads/1757557500962.omr
2025-09-10 19:25:03,010 INFO []                 Book.java:1933 | Book reaching PAGE on sheets:[#1]
2025-09-10 19:25:03,011 INFO [1757557500962]       StepMonitoring.java:98   | LOAD
2025-09-10 19:25:03,253 INFO [1757557500962]            SheetStub.java:1268 | Loaded image #1 2883x3633 from /Users/isabellelin/Documents/polygence-website/uploads/1757557500962.pdf
2025-09-10 19:25:03,256 INFO [1757557500962]       StepMonitoring.java:98   | BINARY
2025-09-10 19:25:03,658 INFO [1757557500962]       StepMonitoring.java:98   | SCALE
2025-09-10 19:25:03,668 INFO [1757557500962]         ScaleBuilder.java:241  | Beam  guessed height: 10 -- 0.50 of 21 interline
2025-09-10 19:25:03,668 INFO [1757557500962]         ScaleBuilder.java:264  | Beam measured height: 11 -- 0.33 of [6..21] range at 126% of needed quorum
2025-09-10 19:25:03,669 INFO [1757557500962]            ScaleStep.java:65   | Scale{ interline(21,21,21) line(2,2,2) beam(11)}
2025-09-10 19:25:03,669 INFO [1757557500962]       StepMonitoring.java:98   | GRID
2025-09-10 19:25:03,876 INFO [1757557500962]       LinesRetriever.java:1500 | Global slope: 0.00000
2025-09-10 19:25:03,885 INFO [1757557500962]    ClustersRetriever.java:853  | Destroying spurious Cluster#C177{interline(21,21,21) size:5 fil#141@0 fil#156@1 fil#162@2 fil#167@3 fil#177@4}
2025-09-10 19:25:03,886 INFO [1757557500962]    ClustersRetriever.java:328  | Retrieved raw line clusters: 1 of sizes [5] with interline(21,21,21)
2025-09-10 19:25:03,914 INFO [1757557500962]            PeakGraph.java:310  | Systems: #1[1]
2025-09-10 19:25:04,081 INFO [1757557500962]        SystemManager.java:779  | 1 part along 1 system
2025-09-10 19:25:04,081 INFO [1757557500962]                 Book.java:545  | Created scores: [{Score 1}]
2025-09-10 19:25:04,082 INFO [1757557500962]       StepMonitoring.java:98   | HEADERS
2025-09-10 19:25:04,260 INFO [1757557500962]      BasicClassifier.java:277  | Classifier loaded XML norms.
2025-09-10 19:25:04,263 INFO [1757557500962]   AbstractClassifier.java:396  | Classifier data loaded from default uri jar:file:/Applications/Audiveris.app/Contents/app/audiveris.jar!/res/basic-classifier.zip
2025-09-10 19:25:04,856 INFO [1757557500962]       StepMonitoring.java:98   | STEM_SEEDS
2025-09-10 19:25:04,908 INFO [1757557500962]        StemSeedsStep.java:86   | stem(2 max:3)
2025-09-10 19:25:04,921 INFO [1757557500962]       StepMonitoring.java:98   | BEAMS
2025-09-10 19:25:08,901 INFO [1757557500962]       StepMonitoring.java:98   | LEDGERS
2025-09-10 19:25:08,950 INFO [1757557500962]       StepMonitoring.java:98   | HEADS
2025-09-10 19:25:09,922 INFO [1757557500962]        HeadSeedTally.java:235  | Scale information: HeadSeeds{NOTEHEAD_BLACK[R:-0.5]}
2025-09-10 19:25:09,923 INFO [1757557500962]       StepMonitoring.java:98   | STEMS
2025-09-10 19:25:10,007 INFO [1757557500962]       StepMonitoring.java:98   | REDUCTION
2025-09-10 19:25:10,024 INFO [1757557500962]        ReductionStep.java:105  | Stems free length median value: 74 pixels, 3.5 interlines
2025-09-10 19:25:10,025 INFO [1757557500962]       StepMonitoring.java:98   | CUE_BEAMS
2025-09-10 19:25:10,025 INFO [1757557500962]         CueBeamsStep.java:81   | Step CUE_BEAMS is skipped because small heads switch is off
2025-09-10 19:25:10,026 INFO [1757557500962]       StepMonitoring.java:98   | TEXTS
2025-09-10 19:25:10,091 WARN [1757557500962]         TesseractOCR.java:335  | The collection of supported languages is empty
2025-09-10 19:25:10,091 INFO [1757557500962]              OcrUtil.java:106  | Missing support for 'eng' language(s)
2025-09-10 19:25:10,096 INFO [1757557500962]       StepMonitoring.java:98   | MEASURES
2025-09-10 19:25:10,103 INFO [1757557500962]                 Page.java:307  | 7 raw measures: [7 in system#1]
2025-09-10 19:25:10,103 INFO [1757557500962]       StepMonitoring.java:98   | CHORDS
2025-09-10 19:25:10,108 INFO [1757557500962]       StepMonitoring.java:98   | CURVES
2025-09-10 19:25:11,053 INFO [1757557500962]         SlursBuilder.java:240  | Slurs: 0
2025-09-10 19:25:11,056 INFO [1757557500962]      SegmentsBuilder.java:155  | Segments: 0
2025-09-10 19:25:11,059 INFO [1757557500962]       StepMonitoring.java:98   | SYMBOLS
2025-09-10 19:25:11,197 INFO [1757557500962]       StepMonitoring.java:98   | LINKS
2025-09-10 19:25:11,213 INFO [1757557500962]       StepMonitoring.java:98   | RHYTHMS
2025-09-10 19:25:11,245 INFO [1757557500962]       StepMonitoring.java:98   | PAGE
2025-09-10 19:25:11,252 INFO [1757557500962]                 Book.java:2550 | Book{1757557500962} storing
2025-09-10 19:25:11,290 INFO [1757557500962]                 Book.java:2531 | Stored /book.xml
2025-09-10 19:25:11,542 INFO [1757557500962]           DataHolder.java:348  | Stored /sheet#1/BINARY.png
2025-09-10 19:25:11,975 INFO [1757557500962]                Sheet.java:1562 | Stored /sheet#1/sheet#1.xml
2025-09-10 19:25:11,976 INFO [1757557500962]                 Book.java:2491 | Book stored as /Users/isabellelin/Documents/polygence-website/uploads/1757557500962.omr
2025-09-10 19:25:11,979 INFO [1757557500962]            SheetStub.java:1644 | Disposed sheet
2025-09-10 19:25:12,033 INFO [1757557500962]                 Book.java:2018 | End of Stub#1 memory: 36,207,736
2025-09-10 19:25:12,034 INFO [1757557500962]                 Book.java:2025 | Book processed.
2025-09-10 19:25:12,327 INFO [1757557500962]            SheetStub.java:995  | Loaded /sheet#1/sheet#1.xml
2025-09-10 19:25:12,730 INFO [1757557500962]      PartwiseBuilder.java:2661 | Exporting sheet(s): [#1]
2025-09-10 19:25:12,777 INFO [1757557500962]        ScoreExporter.java:164  | Score 1757557500962 exported to /Users/isabellelin/Documents/polygence-website/uploads/1757557500962.mxl
2025-09-10 19:25:12,807 INFO [1757557500962]                Score.java:181  | Closing {Score 1}
