2025-09-23 22:48:16,229 ERROR [1758692894367]              IOUtils.java:278  | Unmapping is not supported.
java.lang.reflect.InaccessibleObjectException: Unable to make public jdk.internal.ref.Cleaner java.nio.DirectByteBuffer.cleaner() accessible: module java.base does not "opens java.nio" to unnamed module @41fbdac4
	at java.base/java.lang.reflect.AccessibleObject.throwInaccessibleObjectException(Unknown Source)
	at java.base/java.lang.reflect.AccessibleObject.checkCanSetAccessible(Unknown Source)
	at java.base/java.lang.reflect.AccessibleObject.checkCanSetAccessible(Unknown Source)
	at java.base/java.lang.reflect.Method.checkCanSetAccessible(Unknown Source)
	at java.base/java.lang.reflect.Method.setAccessible(Unknown Source)
	at org.apache.pdfbox.io.IOUtils.unmapper(IOUtils.java:244)
	at java.base/java.security.AccessController.doPrivileged(Unknown Source)
	at org.apache.pdfbox.io.IOUtils.<clinit>(IOUtils.java:69)
	at org.apache.pdfbox.Loader.loadPDF(Loader.java:378)
	at org.audiveris.omr.image.ImageLoading.getPdfLoader(ImageLoading.java:159)
	at org.audiveris.omr.image.ImageLoading.getLoader(ImageLoading.java:209)
	at org.audiveris.omr.sheet.Book.createStubs(Book.java:557)
	at org.audiveris.omr.CLI$ProcessingTask.processBook(CLI.java:830)
	at org.audiveris.omr.CLI$CliTask.call(CLI.java:504)
	at org.audiveris.omr.Main.runBatchTasks(Main.java:371)
	at org.audiveris.omr.Main.main(Main.java:260)
	at Audiveris.main(Audiveris.java:50)
2025-09-23 22:48:16,281 INFO [1758692894367]                 Book.java:562  | 1 sheet in /Users/isabellelin/Documents/polygence-website/uploads/1758692894367.pdf
2025-09-23 22:48:16,386 INFO []                 Book.java:2531 | Stored /book.xml
2025-09-23 22:48:16,386 INFO []                 Book.java:2491 | Book stored as /Users/isabellelin/Documents/polygence-website/uploads/1758692894367.omr
2025-09-23 22:48:16,390 INFO []                 Book.java:1933 | Book reaching PAGE on sheets:[#1]
2025-09-23 22:48:16,391 INFO [1758692894367]       StepMonitoring.java:98   | LOAD
2025-09-23 22:48:16,618 INFO [1758692894367]            SheetStub.java:1268 | Loaded image #1 2550x3299 from /Users/isabellelin/Documents/polygence-website/uploads/1758692894367.pdf
2025-09-23 22:48:16,621 INFO [1758692894367]       StepMonitoring.java:98   | BINARY
2025-09-23 22:48:16,968 INFO [1758692894367]       StepMonitoring.java:98   | SCALE
2025-09-23 22:48:16,977 INFO [1758692894367]         ScaleBuilder.java:241  | Beam  guessed height: 10 -- 0.50 of 21 interline
2025-09-23 22:48:16,978 INFO [1758692894367]         ScaleBuilder.java:264  | Beam measured height: 20 -- 0.93 of [6..21] range at 98% of needed quorum
2025-09-23 22:48:16,978 WARN [1758692894367]         ScaleBuilder.java:293  | No reliable beam height found, guessed value: 10
2025-09-23 22:48:16,978 INFO [1758692894367]            ScaleStep.java:65   | Scale{ interline(20,21,21) line(2,2,2) beam(10 extra)}
2025-09-23 22:48:16,979 INFO [1758692894367]       StepMonitoring.java:98   | GRID
2025-09-23 22:48:17,200 INFO [1758692894367]       LinesRetriever.java:1500 | Global slope: 0.00000
2025-09-23 22:48:17,207 INFO [1758692894367]    ClustersRetriever.java:853  | Destroying spurious Cluster#C152{interline(20,21,21) size:5 fil#152@0 fil#154@1 fil#157@2 fil#163@3 fil#173@4}
2025-09-23 22:48:17,207 INFO [1758692894367]    ClustersRetriever.java:328  | Retrieved raw line clusters: 1 of sizes [5] with interline(20,21,21)
2025-09-23 22:48:17,234 INFO [1758692894367]            PeakGraph.java:310  | Systems: #1[1]
2025-09-23 22:48:17,337 INFO [1758692894367]        SystemManager.java:779  | 1 part along 1 system
2025-09-23 22:48:17,338 INFO [1758692894367]                 Book.java:545  | Created scores: [{Score 1}]
2025-09-23 22:48:17,338 INFO [1758692894367]       StepMonitoring.java:98   | HEADERS
2025-09-23 22:48:17,524 INFO [1758692894367]      BasicClassifier.java:277  | Classifier loaded XML norms.
2025-09-23 22:48:17,525 INFO [1758692894367]   AbstractClassifier.java:396  | Classifier data loaded from default uri jar:file:/Applications/Audiveris.app/Contents/app/audiveris.jar!/res/basic-classifier.zip
2025-09-23 22:48:18,010 INFO [1758692894367]       StepMonitoring.java:98   | STEM_SEEDS
2025-09-23 22:48:18,040 INFO [1758692894367]        StemSeedsStep.java:86   | stem(2 max:2)
2025-09-23 22:48:18,051 INFO [1758692894367]       StepMonitoring.java:98   | BEAMS
2025-09-23 22:48:21,122 INFO [1758692894367]       StepMonitoring.java:98   | LEDGERS
2025-09-23 22:48:21,234 INFO [1758692894367]       StepMonitoring.java:98   | HEADS
2025-09-23 22:48:22,330 INFO [1758692894367]        HeadSeedTally.java:235  | Scale information: HeadSeeds{NOTEHEAD_BLACK[L:-0.5]}
2025-09-23 22:48:22,331 INFO [1758692894367]       StepMonitoring.java:98   | STEMS
2025-09-23 22:48:22,425 INFO [1758692894367]       StepMonitoring.java:98   | REDUCTION
2025-09-23 22:48:22,446 INFO [1758692894367]        ReductionStep.java:105  | Stems free length median value: 72 pixels, 3.4 interlines
2025-09-23 22:48:22,449 INFO [1758692894367]       StepMonitoring.java:98   | CUE_BEAMS
2025-09-23 22:48:22,449 INFO [1758692894367]         CueBeamsStep.java:81   | Step CUE_BEAMS is skipped because small heads switch is off
2025-09-23 22:48:22,449 INFO [1758692894367]       StepMonitoring.java:98   | TEXTS
2025-09-23 22:48:22,533 WARN [1758692894367]         TesseractOCR.java:335  | The collection of supported languages is empty
2025-09-23 22:48:22,534 INFO [1758692894367]              OcrUtil.java:106  | Missing support for 'eng' language(s)
2025-09-23 22:48:22,538 INFO [1758692894367]       StepMonitoring.java:98   | MEASURES
2025-09-23 22:48:22,545 INFO [1758692894367]                 Page.java:307  | 7 raw measures: [7 in system#1]
2025-09-23 22:48:22,545 INFO [1758692894367]       StepMonitoring.java:98   | CHORDS
2025-09-23 22:48:22,551 INFO [1758692894367]       StepMonitoring.java:98   | CURVES
2025-09-23 22:48:23,388 INFO [1758692894367]         SlursBuilder.java:240  | Slurs: 0
2025-09-23 22:48:23,393 INFO [1758692894367]      SegmentsBuilder.java:155  | Segments: 2
2025-09-23 22:48:23,395 INFO [1758692894367]       StepMonitoring.java:98   | SYMBOLS
2025-09-23 22:48:23,519 INFO [1758692894367]       StepMonitoring.java:98   | LINKS
2025-09-23 22:48:23,529 INFO [1758692894367]       StepMonitoring.java:98   | RHYTHMS
2025-09-23 22:48:23,547 INFO [1758692894367]       StepMonitoring.java:98   | PAGE
2025-09-23 22:48:23,550 INFO [1758692894367]                 Book.java:2550 | Book{1758692894367} storing
2025-09-23 22:48:23,571 INFO [1758692894367]                 Book.java:2531 | Stored /book.xml
2025-09-23 22:48:23,694 INFO [1758692894367]           DataHolder.java:348  | Stored /sheet#1/BINARY.png
2025-09-23 22:48:23,874 INFO [1758692894367]                Sheet.java:1562 | Stored /sheet#1/sheet#1.xml
2025-09-23 22:48:23,875 INFO [1758692894367]                 Book.java:2491 | Book stored as /Users/isabellelin/Documents/polygence-website/uploads/1758692894367.omr
2025-09-23 22:48:23,877 INFO [1758692894367]            SheetStub.java:1644 | Disposed sheet
2025-09-23 22:48:23,911 INFO [1758692894367]                 Book.java:2018 | End of Stub#1 memory: 36,155,832
2025-09-23 22:48:23,911 INFO [1758692894367]                 Book.java:2025 | Book processed.
2025-09-23 22:48:24,256 INFO [1758692894367]            SheetStub.java:995  | Loaded /sheet#1/sheet#1.xml
2025-09-23 22:48:24,471 INFO [1758692894367]      PartwiseBuilder.java:2661 | Exporting sheet(s): [#1]
2025-09-23 22:48:24,498 INFO [1758692894367]        ScoreExporter.java:164  | Score 1758692894367 exported to /Users/isabellelin/Documents/polygence-website/uploads/1758692894367.mxl
2025-09-23 22:48:24,521 INFO [1758692894367]                Score.java:181  | Closing {Score 1}
