2025-09-21 17:56:13,253 ERROR [1758502571378]              IOUtils.java:278  | Unmapping is not supported.
java.lang.reflect.InaccessibleObjectException: Unable to make public jdk.internal.ref.Cleaner java.nio.DirectByteBuffer.cleaner() accessible: module java.base does not "opens java.nio" to unnamed module @41fbdac4
	at java.base/java.lang.reflect.AccessibleObject.throwInaccessibleObjectException(Unknown Source)
	at java.base/java.lang.reflect.AccessibleObject.checkCanSetAccessible(Unknown Source)
	at java.base/java.lang.reflect.AccessibleObject.checkCanSetAccessible(Unknown Source)
	at java.base/java.lang.reflect.Method.checkCanSetAccessible(Unknown Source)
	at java.base/java.lang.reflect.Method.setAccessible(Unknown Source)
	at org.apache.pdfbox.io.IOUtils.unmapper(IOUtils.java:244)
	at java.base/java.security.AccessController.doPrivileged(Unknown Source)
	at org.apache.pdfbox.io.IOUtils.<clinit>(IOUtils.java:69)
	at org.apache.pdfbox.Loader.loadPDF(Loader.java:378)
	at org.audiveris.omr.image.ImageLoading.getPdfLoader(ImageLoading.java:159)
	at org.audiveris.omr.image.ImageLoading.getLoader(ImageLoading.java:209)
	at org.audiveris.omr.sheet.Book.createStubs(Book.java:557)
	at org.audiveris.omr.CLI$ProcessingTask.processBook(CLI.java:830)
	at org.audiveris.omr.CLI$CliTask.call(CLI.java:504)
	at org.audiveris.omr.Main.runBatchTasks(Main.java:371)
	at org.audiveris.omr.Main.main(Main.java:260)
	at Audiveris.main(Audiveris.java:50)
2025-09-21 17:56:13,298 INFO [1758502571378]                 Book.java:562  | 1 sheet in /Users/isabellelin/Documents/polygence-website/uploads/1758502571378.pdf
2025-09-21 17:56:13,401 INFO []                 Book.java:2531 | Stored /book.xml
2025-09-21 17:56:13,402 INFO []                 Book.java:2491 | Book stored as /Users/isabellelin/Documents/polygence-website/uploads/1758502571378.omr
2025-09-21 17:56:13,405 INFO []                 Book.java:1933 | Book reaching PAGE on sheets:[#1]
2025-09-21 17:56:13,406 INFO [1758502571378]       StepMonitoring.java:98   | LOAD
2025-09-21 17:56:13,624 INFO [1758502571378]            SheetStub.java:1268 | Loaded image #1 2550x3299 from /Users/isabellelin/Documents/polygence-website/uploads/1758502571378.pdf
2025-09-21 17:56:13,627 INFO [1758502571378]       StepMonitoring.java:98   | BINARY
2025-09-21 17:56:13,971 INFO [1758502571378]       StepMonitoring.java:98   | SCALE
2025-09-21 17:56:13,981 INFO [1758502571378]         ScaleBuilder.java:241  | Beam  guessed height: 10 -- 0.50 of 21 interline
2025-09-21 17:56:13,982 INFO [1758502571378]         ScaleBuilder.java:264  | Beam measured height: 20 -- 0.93 of [6..21] range at 98% of needed quorum
2025-09-21 17:56:13,982 WARN [1758502571378]         ScaleBuilder.java:293  | No reliable beam height found, guessed value: 10
2025-09-21 17:56:13,982 INFO [1758502571378]            ScaleStep.java:65   | Scale{ interline(20,21,21) line(2,2,2) beam(10 extra)}
2025-09-21 17:56:13,984 INFO [1758502571378]       StepMonitoring.java:98   | GRID
2025-09-21 17:56:14,238 INFO [1758502571378]       LinesRetriever.java:1500 | Global slope: 0.00000
2025-09-21 17:56:14,246 INFO [1758502571378]    ClustersRetriever.java:853  | Destroying spurious Cluster#C152{interline(20,21,21) size:5 fil#152@0 fil#154@1 fil#157@2 fil#163@3 fil#173@4}
2025-09-21 17:56:14,246 INFO [1758502571378]    ClustersRetriever.java:328  | Retrieved raw line clusters: 1 of sizes [5] with interline(20,21,21)
2025-09-21 17:56:14,272 INFO [1758502571378]            PeakGraph.java:310  | Systems: #1[1]
2025-09-21 17:56:14,374 INFO [1758502571378]        SystemManager.java:779  | 1 part along 1 system
2025-09-21 17:56:14,375 INFO [1758502571378]                 Book.java:545  | Created scores: [{Score 1}]
2025-09-21 17:56:14,375 INFO [1758502571378]       StepMonitoring.java:98   | HEADERS
2025-09-21 17:56:14,544 INFO [1758502571378]      BasicClassifier.java:277  | Classifier loaded XML norms.
2025-09-21 17:56:14,546 INFO [1758502571378]   AbstractClassifier.java:396  | Classifier data loaded from default uri jar:file:/Applications/Audiveris.app/Contents/app/audiveris.jar!/res/basic-classifier.zip
2025-09-21 17:56:14,964 INFO [1758502571378]       StepMonitoring.java:98   | STEM_SEEDS
2025-09-21 17:56:14,992 INFO [1758502571378]        StemSeedsStep.java:86   | stem(2 max:2)
2025-09-21 17:56:15,002 INFO [1758502571378]       StepMonitoring.java:98   | BEAMS
2025-09-21 17:56:18,062 INFO [1758502571378]       StepMonitoring.java:98   | LEDGERS
2025-09-21 17:56:18,178 INFO [1758502571378]       StepMonitoring.java:98   | HEADS
2025-09-21 17:56:19,093 INFO [1758502571378]        HeadSeedTally.java:235  | Scale information: HeadSeeds{NOTEHEAD_BLACK[L:-0.5]}
2025-09-21 17:56:19,093 INFO [1758502571378]       StepMonitoring.java:98   | STEMS
2025-09-21 17:56:19,180 INFO [1758502571378]       StepMonitoring.java:98   | REDUCTION
2025-09-21 17:56:19,199 INFO [1758502571378]        ReductionStep.java:105  | Stems free length median value: 72 pixels, 3.4 interlines
2025-09-21 17:56:19,200 INFO [1758502571378]       StepMonitoring.java:98   | CUE_BEAMS
2025-09-21 17:56:19,200 INFO [1758502571378]         CueBeamsStep.java:81   | Step CUE_BEAMS is skipped because small heads switch is off
2025-09-21 17:56:19,200 INFO [1758502571378]       StepMonitoring.java:98   | TEXTS
2025-09-21 17:56:19,262 WARN [1758502571378]         TesseractOCR.java:335  | The collection of supported languages is empty
2025-09-21 17:56:19,262 INFO [1758502571378]              OcrUtil.java:106  | Missing support for 'eng' language(s)
2025-09-21 17:56:19,267 INFO [1758502571378]       StepMonitoring.java:98   | MEASURES
2025-09-21 17:56:19,272 INFO [1758502571378]                 Page.java:307  | 7 raw measures: [7 in system#1]
2025-09-21 17:56:19,273 INFO [1758502571378]       StepMonitoring.java:98   | CHORDS
2025-09-21 17:56:19,278 INFO [1758502571378]       StepMonitoring.java:98   | CURVES
2025-09-21 17:56:20,065 INFO [1758502571378]         SlursBuilder.java:240  | Slurs: 0
2025-09-21 17:56:20,069 INFO [1758502571378]      SegmentsBuilder.java:155  | Segments: 2
2025-09-21 17:56:20,071 INFO [1758502571378]       StepMonitoring.java:98   | SYMBOLS
2025-09-21 17:56:20,187 INFO [1758502571378]       StepMonitoring.java:98   | LINKS
2025-09-21 17:56:20,197 INFO [1758502571378]       StepMonitoring.java:98   | RHYTHMS
2025-09-21 17:56:20,214 INFO [1758502571378]       StepMonitoring.java:98   | PAGE
2025-09-21 17:56:20,217 INFO [1758502571378]                 Book.java:2550 | Book{1758502571378} storing
2025-09-21 17:56:20,235 INFO [1758502571378]                 Book.java:2531 | Stored /book.xml
2025-09-21 17:56:20,360 INFO [1758502571378]           DataHolder.java:348  | Stored /sheet#1/BINARY.png
2025-09-21 17:56:20,533 INFO [1758502571378]                Sheet.java:1562 | Stored /sheet#1/sheet#1.xml
2025-09-21 17:56:20,533 INFO [1758502571378]                 Book.java:2491 | Book stored as /Users/isabellelin/Documents/polygence-website/uploads/1758502571378.omr
2025-09-21 17:56:20,535 INFO [1758502571378]            SheetStub.java:1644 | Disposed sheet
2025-09-21 17:56:20,565 INFO [1758502571378]                 Book.java:2018 | End of Stub#1 memory: 36,611,192
2025-09-21 17:56:20,565 INFO [1758502571378]                 Book.java:2025 | Book processed.
2025-09-21 17:56:20,690 INFO [1758502571378]            SheetStub.java:995  | Loaded /sheet#1/sheet#1.xml
2025-09-21 17:56:20,891 INFO [1758502571378]      PartwiseBuilder.java:2661 | Exporting sheet(s): [#1]
2025-09-21 17:56:20,918 INFO [1758502571378]        ScoreExporter.java:164  | Score 1758502571378 exported to /Users/isabellelin/Documents/polygence-website/uploads/1758502571378.mxl
2025-09-21 17:56:20,940 INFO [1758502571378]                Score.java:181  | Closing {Score 1}
