2025-09-21 18:29:21,113 ERROR [1758504559130]              IOUtils.java:278  | Unmapping is not supported.
java.lang.reflect.InaccessibleObjectException: Unable to make public jdk.internal.ref.Cleaner java.nio.DirectByteBuffer.cleaner() accessible: module java.base does not "opens java.nio" to unnamed module @41fbdac4
	at java.base/java.lang.reflect.AccessibleObject.throwInaccessibleObjectException(Unknown Source)
	at java.base/java.lang.reflect.AccessibleObject.checkCanSetAccessible(Unknown Source)
	at java.base/java.lang.reflect.AccessibleObject.checkCanSetAccessible(Unknown Source)
	at java.base/java.lang.reflect.Method.checkCanSetAccessible(Unknown Source)
	at java.base/java.lang.reflect.Method.setAccessible(Unknown Source)
	at org.apache.pdfbox.io.IOUtils.unmapper(IOUtils.java:244)
	at java.base/java.security.AccessController.doPrivileged(Unknown Source)
	at org.apache.pdfbox.io.IOUtils.<clinit>(IOUtils.java:69)
	at org.apache.pdfbox.Loader.loadPDF(Loader.java:378)
	at org.audiveris.omr.image.ImageLoading.getPdfLoader(ImageLoading.java:159)
	at org.audiveris.omr.image.ImageLoading.getLoader(ImageLoading.java:209)
	at org.audiveris.omr.sheet.Book.createStubs(Book.java:557)
	at org.audiveris.omr.CLI$ProcessingTask.processBook(CLI.java:830)
	at org.audiveris.omr.CLI$CliTask.call(CLI.java:504)
	at org.audiveris.omr.Main.runBatchTasks(Main.java:371)
	at org.audiveris.omr.Main.main(Main.java:260)
	at Audiveris.main(Audiveris.java:50)
2025-09-21 18:29:21,173 INFO [1758504559130]                 Book.java:562  | 1 sheet in /Users/isabellelin/Documents/polygence-website/uploads/1758504559130.pdf
2025-09-21 18:29:21,291 INFO []                 Book.java:2531 | Stored /book.xml
2025-09-21 18:29:21,292 INFO []                 Book.java:2491 | Book stored as /Users/isabellelin/Documents/polygence-website/uploads/1758504559130.omr
2025-09-21 18:29:21,296 INFO []                 Book.java:1933 | Book reaching PAGE on sheets:[#1]
2025-09-21 18:29:21,297 INFO [1758504559130]       StepMonitoring.java:98   | LOAD
2025-09-21 18:29:21,571 INFO [1758504559130]            SheetStub.java:1268 | Loaded image #1 2883x3633 from /Users/isabellelin/Documents/polygence-website/uploads/1758504559130.pdf
2025-09-21 18:29:21,574 INFO [1758504559130]       StepMonitoring.java:98   | BINARY
2025-09-21 18:29:22,005 INFO [1758504559130]       StepMonitoring.java:98   | SCALE
2025-09-21 18:29:22,016 INFO [1758504559130]         ScaleBuilder.java:241  | Beam  guessed height: 10 -- 0.50 of 21 interline
2025-09-21 18:29:22,018 INFO [1758504559130]         ScaleBuilder.java:264  | Beam measured height: 11 -- 0.33 of [6..21] range at 126% of needed quorum
2025-09-21 18:29:22,018 INFO [1758504559130]            ScaleStep.java:65   | Scale{ interline(21,21,21) line(2,2,2) beam(11)}
2025-09-21 18:29:22,021 INFO [1758504559130]       StepMonitoring.java:98   | GRID
2025-09-21 18:29:22,309 INFO [1758504559130]       LinesRetriever.java:1500 | Global slope: 0.00000
2025-09-21 18:29:22,320 INFO [1758504559130]    ClustersRetriever.java:853  | Destroying spurious Cluster#C177{interline(21,21,21) size:5 fil#141@0 fil#156@1 fil#162@2 fil#167@3 fil#177@4}
2025-09-21 18:29:22,320 INFO [1758504559130]    ClustersRetriever.java:328  | Retrieved raw line clusters: 1 of sizes [5] with interline(21,21,21)
2025-09-21 18:29:22,356 INFO [1758504559130]            PeakGraph.java:310  | Systems: #1[1]
2025-09-21 18:29:22,505 INFO [1758504559130]        SystemManager.java:779  | 1 part along 1 system
2025-09-21 18:29:22,505 INFO [1758504559130]                 Book.java:545  | Created scores: [{Score 1}]
2025-09-21 18:29:22,506 INFO [1758504559130]       StepMonitoring.java:98   | HEADERS
2025-09-21 18:29:22,688 INFO [1758504559130]      BasicClassifier.java:277  | Classifier loaded XML norms.
2025-09-21 18:29:22,690 INFO [1758504559130]   AbstractClassifier.java:396  | Classifier data loaded from default uri jar:file:/Applications/Audiveris.app/Contents/app/audiveris.jar!/res/basic-classifier.zip
2025-09-21 18:29:23,250 INFO [1758504559130]       StepMonitoring.java:98   | STEM_SEEDS
2025-09-21 18:29:23,296 INFO [1758504559130]        StemSeedsStep.java:86   | stem(2 max:3)
2025-09-21 18:29:23,311 INFO [1758504559130]       StepMonitoring.java:98   | BEAMS
2025-09-21 18:29:30,930 INFO [1758504559130]       StepMonitoring.java:98   | LEDGERS
2025-09-21 18:29:31,698 INFO [1758504559130]       StepMonitoring.java:98   | HEADS
2025-09-21 18:29:33,885 INFO [1758504559130]        HeadSeedTally.java:235  | Scale information: HeadSeeds{NOTEHEAD_BLACK[R:-0.5]}
2025-09-21 18:29:33,886 INFO [1758504559130]       StepMonitoring.java:98   | STEMS
2025-09-21 18:29:34,104 INFO [1758504559130]       StepMonitoring.java:98   | REDUCTION
2025-09-21 18:29:34,164 INFO [1758504559130]        ReductionStep.java:105  | Stems free length median value: 74 pixels, 3.5 interlines
2025-09-21 18:29:34,168 INFO [1758504559130]       StepMonitoring.java:98   | CUE_BEAMS
2025-09-21 18:29:34,170 INFO [1758504559130]         CueBeamsStep.java:81   | Step CUE_BEAMS is skipped because small heads switch is off
2025-09-21 18:29:34,171 INFO [1758504559130]       StepMonitoring.java:98   | TEXTS
2025-09-21 18:29:34,334 WARN [1758504559130]         TesseractOCR.java:335  | The collection of supported languages is empty
2025-09-21 18:29:34,335 INFO [1758504559130]              OcrUtil.java:106  | Missing support for 'eng' language(s)
2025-09-21 18:29:34,352 INFO [1758504559130]       StepMonitoring.java:98   | MEASURES
2025-09-21 18:29:34,378 INFO [1758504559130]                 Page.java:307  | 7 raw measures: [7 in system#1]
2025-09-21 18:29:34,389 INFO [1758504559130]       StepMonitoring.java:98   | CHORDS
2025-09-21 18:29:34,403 INFO [1758504559130]       StepMonitoring.java:98   | CURVES
2025-09-21 18:29:35,916 INFO [1758504559130]         SlursBuilder.java:240  | Slurs: 0
2025-09-21 18:29:35,920 INFO [1758504559130]      SegmentsBuilder.java:155  | Segments: 0
2025-09-21 18:29:35,923 INFO [1758504559130]       StepMonitoring.java:98   | SYMBOLS
2025-09-21 18:29:36,286 INFO [1758504559130]       StepMonitoring.java:98   | LINKS
2025-09-21 18:29:36,311 INFO [1758504559130]       StepMonitoring.java:98   | RHYTHMS
2025-09-21 18:29:36,359 INFO [1758504559130]       StepMonitoring.java:98   | PAGE
2025-09-21 18:29:36,366 INFO [1758504559130]                 Book.java:2550 | Book{1758504559130} storing
2025-09-21 18:29:36,419 INFO [1758504559130]                 Book.java:2531 | Stored /book.xml
2025-09-21 18:29:36,727 INFO [1758504559130]           DataHolder.java:348  | Stored /sheet#1/BINARY.png
2025-09-21 18:29:37,200 INFO [1758504559130]                Sheet.java:1562 | Stored /sheet#1/sheet#1.xml
2025-09-21 18:29:37,200 INFO [1758504559130]                 Book.java:2491 | Book stored as /Users/isabellelin/Documents/polygence-website/uploads/1758504559130.omr
2025-09-21 18:29:37,205 INFO [1758504559130]            SheetStub.java:1644 | Disposed sheet
2025-09-21 18:29:37,273 INFO [1758504559130]                 Book.java:2018 | End of Stub#1 memory: 36,737,488
2025-09-21 18:29:37,275 INFO [1758504559130]                 Book.java:2025 | Book processed.
2025-09-21 18:29:38,501 INFO [1758504559130]            SheetStub.java:995  | Loaded /sheet#1/sheet#1.xml
2025-09-21 18:29:38,916 INFO [1758504559130]      PartwiseBuilder.java:2661 | Exporting sheet(s): [#1]
2025-09-21 18:29:38,971 INFO [1758504559130]        ScoreExporter.java:164  | Score 1758504559130 exported to /Users/isabellelin/Documents/polygence-website/uploads/1758504559130.mxl
2025-09-21 18:29:39,006 INFO [1758504559130]                Score.java:181  | Closing {Score 1}
