2025-09-23 22:41:00,146 ERROR [1758692456144]              IOUtils.java:278  | Unmapping is not supported.
java.lang.reflect.InaccessibleObjectException: Unable to make public jdk.internal.ref.Cleaner java.nio.DirectByteBuffer.cleaner() accessible: module java.base does not "opens java.nio" to unnamed module @41fbdac4
	at java.base/java.lang.reflect.AccessibleObject.throwInaccessibleObjectException(Unknown Source)
	at java.base/java.lang.reflect.AccessibleObject.checkCanSetAccessible(Unknown Source)
	at java.base/java.lang.reflect.AccessibleObject.checkCanSetAccessible(Unknown Source)
	at java.base/java.lang.reflect.Method.checkCanSetAccessible(Unknown Source)
	at java.base/java.lang.reflect.Method.setAccessible(Unknown Source)
	at org.apache.pdfbox.io.IOUtils.unmapper(IOUtils.java:244)
	at java.base/java.security.AccessController.doPrivileged(Unknown Source)
	at org.apache.pdfbox.io.IOUtils.<clinit>(IOUtils.java:69)
	at org.apache.pdfbox.Loader.loadPDF(Loader.java:378)
	at org.audiveris.omr.image.ImageLoading.getPdfLoader(ImageLoading.java:159)
	at org.audiveris.omr.image.ImageLoading.getLoader(ImageLoading.java:209)
	at org.audiveris.omr.sheet.Book.createStubs(Book.java:557)
	at org.audiveris.omr.CLI$ProcessingTask.processBook(CLI.java:830)
	at org.audiveris.omr.CLI$CliTask.call(CLI.java:504)
	at org.audiveris.omr.Main.runBatchTasks(Main.java:371)
	at org.audiveris.omr.Main.main(Main.java:260)
	at Audiveris.main(Audiveris.java:50)
2025-09-23 22:41:00,202 INFO [1758692456144]                 Book.java:562  | 1 sheet in /Users/isabellelin/Documents/polygence-website/uploads/1758692456144.pdf
2025-09-23 22:41:00,330 INFO []                 Book.java:2531 | Stored /book.xml
2025-09-23 22:41:00,331 INFO []                 Book.java:2491 | Book stored as /Users/isabellelin/Documents/polygence-website/uploads/1758692456144.omr
2025-09-23 22:41:00,335 INFO []                 Book.java:1933 | Book reaching PAGE on sheets:[#1]
2025-09-23 22:41:00,336 INFO [1758692456144]       StepMonitoring.java:98   | LOAD
2025-09-23 22:41:00,701 INFO [1758692456144]            SheetStub.java:1268 | Loaded image #1 2550x3299 from /Users/isabellelin/Documents/polygence-website/uploads/1758692456144.pdf
2025-09-23 22:41:00,729 INFO [1758692456144]       StepMonitoring.java:98   | BINARY
2025-09-23 22:41:01,298 INFO [1758692456144]       StepMonitoring.java:98   | SCALE
2025-09-23 22:41:01,310 INFO [1758692456144]         ScaleBuilder.java:241  | Beam  guessed height: 10 -- 0.50 of 21 interline
2025-09-23 22:41:01,311 INFO [1758692456144]         ScaleBuilder.java:264  | Beam measured height: 20 -- 0.93 of [6..21] range at 98% of needed quorum
2025-09-23 22:41:01,312 WARN [1758692456144]         ScaleBuilder.java:293  | No reliable beam height found, guessed value: 10
2025-09-23 22:41:01,312 INFO [1758692456144]            ScaleStep.java:65   | Scale{ interline(20,21,21) line(2,2,2) beam(10 extra)}
2025-09-23 22:41:01,313 INFO [1758692456144]       StepMonitoring.java:98   | GRID
2025-09-23 22:41:01,777 INFO [1758692456144]       LinesRetriever.java:1500 | Global slope: 0.00000
2025-09-23 22:41:01,797 INFO [1758692456144]    ClustersRetriever.java:853  | Destroying spurious Cluster#C152{interline(20,21,21) size:5 fil#152@0 fil#154@1 fil#157@2 fil#163@3 fil#173@4}
2025-09-23 22:41:01,798 INFO [1758692456144]    ClustersRetriever.java:328  | Retrieved raw line clusters: 1 of sizes [5] with interline(20,21,21)
2025-09-23 22:41:01,861 INFO [1758692456144]            PeakGraph.java:310  | Systems: #1[1]
2025-09-23 22:41:02,150 INFO [1758692456144]        SystemManager.java:779  | 1 part along 1 system
2025-09-23 22:41:02,152 INFO [1758692456144]                 Book.java:545  | Created scores: [{Score 1}]
2025-09-23 22:41:02,153 INFO [1758692456144]       StepMonitoring.java:98   | HEADERS
2025-09-23 22:41:02,452 INFO [1758692456144]      BasicClassifier.java:277  | Classifier loaded XML norms.
2025-09-23 22:41:02,460 INFO [1758692456144]   AbstractClassifier.java:396  | Classifier data loaded from default uri jar:file:/Applications/Audiveris.app/Contents/app/audiveris.jar!/res/basic-classifier.zip
2025-09-23 22:41:03,231 INFO [1758692456144]       StepMonitoring.java:98   | STEM_SEEDS
2025-09-23 22:41:03,276 INFO [1758692456144]        StemSeedsStep.java:86   | stem(2 max:2)
2025-09-23 22:41:03,294 INFO [1758692456144]       StepMonitoring.java:98   | BEAMS
2025-09-23 22:41:07,424 INFO [1758692456144]       StepMonitoring.java:98   | LEDGERS
2025-09-23 22:41:07,637 INFO [1758692456144]       StepMonitoring.java:98   | HEADS
2025-09-23 22:41:08,889 INFO [1758692456144]        HeadSeedTally.java:235  | Scale information: HeadSeeds{NOTEHEAD_BLACK[L:-0.5]}
2025-09-23 22:41:08,890 INFO [1758692456144]       StepMonitoring.java:98   | STEMS
2025-09-23 22:41:09,058 INFO [1758692456144]       StepMonitoring.java:98   | REDUCTION
2025-09-23 22:41:09,089 INFO [1758692456144]        ReductionStep.java:105  | Stems free length median value: 72 pixels, 3.4 interlines
2025-09-23 22:41:09,091 INFO [1758692456144]       StepMonitoring.java:98   | CUE_BEAMS
2025-09-23 22:41:09,092 INFO [1758692456144]         CueBeamsStep.java:81   | Step CUE_BEAMS is skipped because small heads switch is off
2025-09-23 22:41:09,092 INFO [1758692456144]       StepMonitoring.java:98   | TEXTS
2025-09-23 22:41:09,178 WARN [1758692456144]         TesseractOCR.java:335  | The collection of supported languages is empty
2025-09-23 22:41:09,178 INFO [1758692456144]              OcrUtil.java:106  | Missing support for 'eng' language(s)
2025-09-23 22:41:09,185 INFO [1758692456144]       StepMonitoring.java:98   | MEASURES
2025-09-23 22:41:09,193 INFO [1758692456144]                 Page.java:307  | 7 raw measures: [7 in system#1]
2025-09-23 22:41:09,193 INFO [1758692456144]       StepMonitoring.java:98   | CHORDS
2025-09-23 22:41:09,204 INFO [1758692456144]       StepMonitoring.java:98   | CURVES
2025-09-23 22:41:10,262 INFO [1758692456144]         SlursBuilder.java:240  | Slurs: 0
2025-09-23 22:41:10,269 INFO [1758692456144]      SegmentsBuilder.java:155  | Segments: 2
2025-09-23 22:41:10,275 INFO [1758692456144]       StepMonitoring.java:98   | SYMBOLS
2025-09-23 22:41:10,466 INFO [1758692456144]       StepMonitoring.java:98   | LINKS
2025-09-23 22:41:10,485 INFO [1758692456144]       StepMonitoring.java:98   | RHYTHMS
2025-09-23 22:41:10,518 INFO [1758692456144]       StepMonitoring.java:98   | PAGE
2025-09-23 22:41:10,524 INFO [1758692456144]                 Book.java:2550 | Book{1758692456144} storing
2025-09-23 22:41:10,572 INFO [1758692456144]                 Book.java:2531 | Stored /book.xml
2025-09-23 22:41:10,765 INFO [1758692456144]           DataHolder.java:348  | Stored /sheet#1/BINARY.png
2025-09-23 22:41:10,960 INFO [1758692456144]                Sheet.java:1562 | Stored /sheet#1/sheet#1.xml
2025-09-23 22:41:10,961 INFO [1758692456144]                 Book.java:2491 | Book stored as /Users/isabellelin/Documents/polygence-website/uploads/1758692456144.omr
2025-09-23 22:41:10,962 INFO [1758692456144]            SheetStub.java:1644 | Disposed sheet
2025-09-23 22:41:10,994 INFO [1758692456144]                 Book.java:2018 | End of Stub#1 memory: 36,170,568
2025-09-23 22:41:10,995 INFO [1758692456144]                 Book.java:2025 | Book processed.
2025-09-23 22:41:11,375 INFO [1758692456144]            SheetStub.java:995  | Loaded /sheet#1/sheet#1.xml
2025-09-23 22:41:11,617 INFO [1758692456144]      PartwiseBuilder.java:2661 | Exporting sheet(s): [#1]
2025-09-23 22:41:11,647 INFO [1758692456144]        ScoreExporter.java:164  | Score 1758692456144 exported to /Users/isabellelin/Documents/polygence-website/uploads/1758692456144.mxl
2025-09-23 22:41:11,674 INFO [1758692456144]                Score.java:181  | Closing {Score 1}
