2025-09-21 17:25:35,658 ERROR [1758500733923]              IOUtils.java:278  | Unmapping is not supported.
java.lang.reflect.InaccessibleObjectException: Unable to make public jdk.internal.ref.Cleaner java.nio.DirectByteBuffer.cleaner() accessible: module java.base does not "opens java.nio" to unnamed module @41fbdac4
	at java.base/java.lang.reflect.AccessibleObject.throwInaccessibleObjectException(Unknown Source)
	at java.base/java.lang.reflect.AccessibleObject.checkCanSetAccessible(Unknown Source)
	at java.base/java.lang.reflect.AccessibleObject.checkCanSetAccessible(Unknown Source)
	at java.base/java.lang.reflect.Method.checkCanSetAccessible(Unknown Source)
	at java.base/java.lang.reflect.Method.setAccessible(Unknown Source)
	at org.apache.pdfbox.io.IOUtils.unmapper(IOUtils.java:244)
	at java.base/java.security.AccessController.doPrivileged(Unknown Source)
	at org.apache.pdfbox.io.IOUtils.<clinit>(IOUtils.java:69)
	at org.apache.pdfbox.Loader.loadPDF(Loader.java:378)
	at org.audiveris.omr.image.ImageLoading.getPdfLoader(ImageLoading.java:159)
	at org.audiveris.omr.image.ImageLoading.getLoader(ImageLoading.java:209)
	at org.audiveris.omr.sheet.Book.createStubs(Book.java:557)
	at org.audiveris.omr.CLI$ProcessingTask.processBook(CLI.java:830)
	at org.audiveris.omr.CLI$CliTask.call(CLI.java:504)
	at org.audiveris.omr.Main.runBatchTasks(Main.java:371)
	at org.audiveris.omr.Main.main(Main.java:260)
	at Audiveris.main(Audiveris.java:50)
2025-09-21 17:25:35,707 INFO [1758500733923]                 Book.java:562  | 1 sheet in /Users/isabellelin/Documents/polygence-website/uploads/1758500733923.pdf
2025-09-21 17:25:35,812 INFO []                 Book.java:2531 | Stored /book.xml
2025-09-21 17:25:35,813 INFO []                 Book.java:2491 | Book stored as /Users/isabellelin/Documents/polygence-website/uploads/1758500733923.omr
2025-09-21 17:25:35,816 INFO []                 Book.java:1933 | Book reaching PAGE on sheets:[#1]
2025-09-21 17:25:35,817 INFO [1758500733923]       StepMonitoring.java:98   | LOAD
2025-09-21 17:25:36,033 INFO [1758500733923]            SheetStub.java:1268 | Loaded image #1 2550x3299 from /Users/isabellelin/Documents/polygence-website/uploads/1758500733923.pdf
2025-09-21 17:25:36,036 INFO [1758500733923]       StepMonitoring.java:98   | BINARY
2025-09-21 17:25:36,369 INFO [1758500733923]       StepMonitoring.java:98   | SCALE
2025-09-21 17:25:36,377 INFO [1758500733923]         ScaleBuilder.java:241  | Beam  guessed height: 10 -- 0.50 of 21 interline
2025-09-21 17:25:36,378 INFO [1758500733923]         ScaleBuilder.java:264  | Beam measured height: 10 -- 0.27 of [6..21] range at 239% of needed quorum
2025-09-21 17:25:36,378 INFO [1758500733923]            ScaleStep.java:65   | Scale{ interline(20,21,21) line(2,2,2) beam(10)}
2025-09-21 17:25:36,379 INFO [1758500733923]       StepMonitoring.java:98   | GRID
2025-09-21 17:25:36,583 INFO [1758500733923]       LinesRetriever.java:1500 | Global slope: 0.00000
2025-09-21 17:25:36,591 INFO [1758500733923]    ClustersRetriever.java:328  | Retrieved raw line clusters: 1 of sizes [5] with interline(20,21,21)
2025-09-21 17:25:36,615 INFO [1758500733923]            PeakGraph.java:310  | Systems: #1[1]
2025-09-21 17:25:36,722 INFO [1758500733923]        SystemManager.java:779  | 1 part along 1 system
2025-09-21 17:25:36,722 INFO [1758500733923]                 Book.java:545  | Created scores: [{Score 1}]
2025-09-21 17:25:36,722 INFO [1758500733923]       StepMonitoring.java:98   | HEADERS
2025-09-21 17:25:36,896 INFO []      BasicClassifier.java:277  | Classifier loaded XML norms.
2025-09-21 17:25:36,898 INFO []   AbstractClassifier.java:396  | Classifier data loaded from default uri jar:file:/Applications/Audiveris.app/Contents/app/audiveris.jar!/res/basic-classifier.zip
2025-09-21 17:25:37,304 INFO [1758500733923]       StepMonitoring.java:98   | STEM_SEEDS
2025-09-21 17:25:37,335 INFO [1758500733923]        StemSeedsStep.java:86   | stem(2 max:2)
2025-09-21 17:25:37,347 INFO [1758500733923]       StepMonitoring.java:98   | BEAMS
2025-09-21 17:25:40,541 INFO [1758500733923]       StepMonitoring.java:98   | LEDGERS
2025-09-21 17:25:40,666 INFO [1758500733923]       StepMonitoring.java:98   | HEADS
2025-09-21 17:25:42,187 INFO [1758500733923]        HeadSeedTally.java:235  | Scale information: HeadSeeds{NOTEHEAD_BLACK[L:-0.5,R:-0.5]}
2025-09-21 17:25:42,188 INFO [1758500733923]       StepMonitoring.java:98   | STEMS
2025-09-21 17:25:42,367 INFO [1758500733923]       StepMonitoring.java:98   | REDUCTION
2025-09-21 17:25:42,404 INFO [1758500733923]        ReductionStep.java:105  | Stems free length median value: 67 pixels, 3.2 interlines
2025-09-21 17:25:42,406 INFO [1758500733923]       StepMonitoring.java:98   | CUE_BEAMS
2025-09-21 17:25:42,408 INFO [1758500733923]         CueBeamsStep.java:81   | Step CUE_BEAMS is skipped because small heads switch is off
2025-09-21 17:25:42,408 INFO [1758500733923]       StepMonitoring.java:98   | TEXTS
2025-09-21 17:25:42,517 WARN [1758500733923]         TesseractOCR.java:335  | The collection of supported languages is empty
2025-09-21 17:25:42,518 INFO [1758500733923]              OcrUtil.java:106  | Missing support for 'eng' language(s)
2025-09-21 17:25:42,525 INFO [1758500733923]       StepMonitoring.java:98   | MEASURES
2025-09-21 17:25:42,537 INFO [1758500733923]                 Page.java:307  | 8 raw measures: [8 in system#1]
2025-09-21 17:25:42,537 INFO [1758500733923]       StepMonitoring.java:98   | CHORDS
2025-09-21 17:25:42,548 INFO [1758500733923]       StepMonitoring.java:98   | CURVES
2025-09-21 17:25:43,475 INFO [1758500733923]         SlursBuilder.java:240  | Slurs: 0
2025-09-21 17:25:43,478 INFO [1758500733923]      SegmentsBuilder.java:155  | Segments: 3
2025-09-21 17:25:43,481 INFO [1758500733923]       StepMonitoring.java:98   | SYMBOLS
2025-09-21 17:25:43,621 INFO [1758500733923]       StepMonitoring.java:98   | LINKS
2025-09-21 17:25:43,632 INFO [1758500733923]       StepMonitoring.java:98   | RHYTHMS
2025-09-21 17:25:43,655 INFO [1758500733923]       StepMonitoring.java:98   | PAGE
2025-09-21 17:25:43,660 INFO [1758500733923]                 Book.java:2550 | Book{1758500733923} storing
2025-09-21 17:25:43,683 INFO [1758500733923]                 Book.java:2531 | Stored /book.xml
2025-09-21 17:25:43,827 INFO [1758500733923]           DataHolder.java:348  | Stored /sheet#1/BINARY.png
2025-09-21 17:25:44,027 INFO [1758500733923]                Sheet.java:1562 | Stored /sheet#1/sheet#1.xml
2025-09-21 17:25:44,027 INFO [1758500733923]                 Book.java:2491 | Book stored as /Users/isabellelin/Documents/polygence-website/uploads/1758500733923.omr
2025-09-21 17:25:44,029 INFO [1758500733923]            SheetStub.java:1644 | Disposed sheet
2025-09-21 17:25:44,072 INFO [1758500733923]                 Book.java:2018 | End of Stub#1 memory: 37,333,472
2025-09-21 17:25:44,073 INFO [1758500733923]                 Book.java:2025 | Book processed.
2025-09-21 17:25:44,880 INFO [1758500733923]            SheetStub.java:995  | Loaded /sheet#1/sheet#1.xml
2025-09-21 17:25:45,183 INFO [1758500733923]      PartwiseBuilder.java:2661 | Exporting sheet(s): [#1]
2025-09-21 17:25:45,218 INFO [1758500733923]        ScoreExporter.java:164  | Score 1758500733923 exported to /Users/isabellelin/Documents/polygence-website/uploads/1758500733923.mxl
2025-09-21 17:25:45,249 INFO [1758500733923]                Score.java:181  | Closing {Score 1}
