2025-09-21 17:39:09,265 ERROR [1758501547619]              IOUtils.java:278  | Unmapping is not supported.
java.lang.reflect.InaccessibleObjectException: Unable to make public jdk.internal.ref.Cleaner java.nio.DirectByteBuffer.cleaner() accessible: module java.base does not "opens java.nio" to unnamed module @41fbdac4
	at java.base/java.lang.reflect.AccessibleObject.throwInaccessibleObjectException(Unknown Source)
	at java.base/java.lang.reflect.AccessibleObject.checkCanSetAccessible(Unknown Source)
	at java.base/java.lang.reflect.AccessibleObject.checkCanSetAccessible(Unknown Source)
	at java.base/java.lang.reflect.Method.checkCanSetAccessible(Unknown Source)
	at java.base/java.lang.reflect.Method.setAccessible(Unknown Source)
	at org.apache.pdfbox.io.IOUtils.unmapper(IOUtils.java:244)
	at java.base/java.security.AccessController.doPrivileged(Unknown Source)
	at org.apache.pdfbox.io.IOUtils.<clinit>(IOUtils.java:69)
	at org.apache.pdfbox.Loader.loadPDF(Loader.java:378)
	at org.audiveris.omr.image.ImageLoading.getPdfLoader(ImageLoading.java:159)
	at org.audiveris.omr.image.ImageLoading.getLoader(ImageLoading.java:209)
	at org.audiveris.omr.sheet.Book.createStubs(Book.java:557)
	at org.audiveris.omr.CLI$ProcessingTask.processBook(CLI.java:830)
	at org.audiveris.omr.CLI$CliTask.call(CLI.java:504)
	at org.audiveris.omr.Main.runBatchTasks(Main.java:371)
	at org.audiveris.omr.Main.main(Main.java:260)
	at Audiveris.main(Audiveris.java:50)
2025-09-21 17:39:09,313 INFO [1758501547619]                 Book.java:562  | 1 sheet in /Users/isabellelin/Documents/polygence-website/uploads/1758501547619.pdf
2025-09-21 17:39:09,440 INFO []                 Book.java:2531 | Stored /book.xml
2025-09-21 17:39:09,441 INFO []                 Book.java:2491 | Book stored as /Users/isabellelin/Documents/polygence-website/uploads/1758501547619.omr
2025-09-21 17:39:09,445 INFO []                 Book.java:1933 | Book reaching PAGE on sheets:[#1]
2025-09-21 17:39:09,446 INFO [1758501547619]       StepMonitoring.java:98   | LOAD
2025-09-21 17:39:09,668 INFO [1758501547619]            SheetStub.java:1268 | Loaded image #1 2550x3299 from /Users/isabellelin/Documents/polygence-website/uploads/1758501547619.pdf
2025-09-21 17:39:09,670 INFO [1758501547619]       StepMonitoring.java:98   | BINARY
2025-09-21 17:39:10,005 INFO [1758501547619]       StepMonitoring.java:98   | SCALE
2025-09-21 17:39:10,013 INFO [1758501547619]         ScaleBuilder.java:241  | Beam  guessed height: 10 -- 0.50 of 21 interline
2025-09-21 17:39:10,014 INFO [1758501547619]         ScaleBuilder.java:264  | Beam measured height: 10 -- 0.27 of [6..21] range at 239% of needed quorum
2025-09-21 17:39:10,014 INFO [1758501547619]            ScaleStep.java:65   | Scale{ interline(20,21,21) line(2,2,2) beam(10)}
2025-09-21 17:39:10,014 INFO [1758501547619]       StepMonitoring.java:98   | GRID
2025-09-21 17:39:10,218 INFO [1758501547619]       LinesRetriever.java:1500 | Global slope: 0.00000
2025-09-21 17:39:10,226 INFO [1758501547619]    ClustersRetriever.java:328  | Retrieved raw line clusters: 1 of sizes [5] with interline(20,21,21)
2025-09-21 17:39:10,251 INFO [1758501547619]            PeakGraph.java:310  | Systems: #1[1]
2025-09-21 17:39:10,358 INFO [1758501547619]        SystemManager.java:779  | 1 part along 1 system
2025-09-21 17:39:10,359 INFO [1758501547619]                 Book.java:545  | Created scores: [{Score 1}]
2025-09-21 17:39:10,359 INFO [1758501547619]       StepMonitoring.java:98   | HEADERS
2025-09-21 17:39:10,529 INFO [1758501547619]      BasicClassifier.java:277  | Classifier loaded XML norms.
2025-09-21 17:39:10,531 INFO [1758501547619]   AbstractClassifier.java:396  | Classifier data loaded from default uri jar:file:/Applications/Audiveris.app/Contents/app/audiveris.jar!/res/basic-classifier.zip
2025-09-21 17:39:11,003 INFO [1758501547619]       StepMonitoring.java:98   | STEM_SEEDS
2025-09-21 17:39:11,033 INFO [1758501547619]        StemSeedsStep.java:86   | stem(2 max:2)
2025-09-21 17:39:11,045 INFO [1758501547619]       StepMonitoring.java:98   | BEAMS
2025-09-21 17:39:14,677 INFO [1758501547619]       StepMonitoring.java:98   | LEDGERS
2025-09-21 17:39:14,922 INFO [1758501547619]       StepMonitoring.java:98   | HEADS
2025-09-21 17:39:16,057 INFO [1758501547619]        HeadSeedTally.java:235  | Scale information: HeadSeeds{NOTEHEAD_BLACK[L:-0.5,R:-0.5]}
2025-09-21 17:39:16,058 INFO [1758501547619]       StepMonitoring.java:98   | STEMS
2025-09-21 17:39:16,167 INFO [1758501547619]       StepMonitoring.java:98   | REDUCTION
2025-09-21 17:39:16,190 INFO [1758501547619]        ReductionStep.java:105  | Stems free length median value: 67 pixels, 3.2 interlines
2025-09-21 17:39:16,192 INFO [1758501547619]       StepMonitoring.java:98   | CUE_BEAMS
2025-09-21 17:39:16,192 INFO [1758501547619]         CueBeamsStep.java:81   | Step CUE_BEAMS is skipped because small heads switch is off
2025-09-21 17:39:16,192 INFO [1758501547619]       StepMonitoring.java:98   | TEXTS
2025-09-21 17:39:16,259 WARN [1758501547619]         TesseractOCR.java:335  | The collection of supported languages is empty
2025-09-21 17:39:16,259 INFO [1758501547619]              OcrUtil.java:106  | Missing support for 'eng' language(s)
2025-09-21 17:39:16,264 INFO [1758501547619]       StepMonitoring.java:98   | MEASURES
2025-09-21 17:39:16,271 INFO [1758501547619]                 Page.java:307  | 8 raw measures: [8 in system#1]
2025-09-21 17:39:16,271 INFO [1758501547619]       StepMonitoring.java:98   | CHORDS
2025-09-21 17:39:16,277 INFO [1758501547619]       StepMonitoring.java:98   | CURVES
2025-09-21 17:39:17,101 INFO [1758501547619]         SlursBuilder.java:240  | Slurs: 0
2025-09-21 17:39:17,106 INFO [1758501547619]      SegmentsBuilder.java:155  | Segments: 3
2025-09-21 17:39:17,109 INFO [1758501547619]       StepMonitoring.java:98   | SYMBOLS
2025-09-21 17:39:17,253 INFO [1758501547619]       StepMonitoring.java:98   | LINKS
2025-09-21 17:39:17,264 INFO [1758501547619]       StepMonitoring.java:98   | RHYTHMS
2025-09-21 17:39:17,285 INFO [1758501547619]       StepMonitoring.java:98   | PAGE
2025-09-21 17:39:17,288 INFO [1758501547619]                 Book.java:2550 | Book{1758501547619} storing
2025-09-21 17:39:17,310 INFO [1758501547619]                 Book.java:2531 | Stored /book.xml
2025-09-21 17:39:17,457 INFO [1758501547619]           DataHolder.java:348  | Stored /sheet#1/BINARY.png
2025-09-21 17:39:17,666 INFO [1758501547619]                Sheet.java:1562 | Stored /sheet#1/sheet#1.xml
2025-09-21 17:39:17,666 INFO [1758501547619]                 Book.java:2491 | Book stored as /Users/isabellelin/Documents/polygence-website/uploads/1758501547619.omr
2025-09-21 17:39:17,668 INFO [1758501547619]            SheetStub.java:1644 | Disposed sheet
2025-09-21 17:39:17,707 INFO [1758501547619]                 Book.java:2018 | End of Stub#1 memory: 36,337,336
2025-09-21 17:39:17,708 INFO [1758501547619]                 Book.java:2025 | Book processed.
2025-09-21 17:39:18,160 INFO [1758501547619]            SheetStub.java:995  | Loaded /sheet#1/sheet#1.xml
2025-09-21 17:39:18,462 INFO [1758501547619]      PartwiseBuilder.java:2661 | Exporting sheet(s): [#1]
2025-09-21 17:39:18,504 INFO [1758501547619]        ScoreExporter.java:164  | Score 1758501547619 exported to /Users/isabellelin/Documents/polygence-website/uploads/1758501547619.mxl
2025-09-21 17:39:18,536 INFO [1758501547619]                Score.java:181  | Closing {Score 1}
