2025-11-09 18:07:05,541 ERROR [1762740423554]              IOUtils.java:278  | Unmapping is not supported.
java.lang.reflect.InaccessibleObjectException: Unable to make public jdk.internal.ref.Cleaner java.nio.DirectByteBuffer.cleaner() accessible: module java.base does not "opens java.nio" to unnamed module @41fbdac4
	at java.base/java.lang.reflect.AccessibleObject.throwInaccessibleObjectException(Unknown Source)
	at java.base/java.lang.reflect.AccessibleObject.checkCanSetAccessible(Unknown Source)
	at java.base/java.lang.reflect.AccessibleObject.checkCanSetAccessible(Unknown Source)
	at java.base/java.lang.reflect.Method.checkCanSetAccessible(Unknown Source)
	at java.base/java.lang.reflect.Method.setAccessible(Unknown Source)
	at org.apache.pdfbox.io.IOUtils.unmapper(IOUtils.java:244)
	at java.base/java.security.AccessController.doPrivileged(Unknown Source)
	at org.apache.pdfbox.io.IOUtils.<clinit>(IOUtils.java:69)
	at org.apache.pdfbox.Loader.loadPDF(Loader.java:378)
	at org.audiveris.omr.image.ImageLoading.getPdfLoader(ImageLoading.java:159)
	at org.audiveris.omr.image.ImageLoading.getLoader(ImageLoading.java:209)
	at org.audiveris.omr.sheet.Book.createStubs(Book.java:557)
	at org.audiveris.omr.CLI$ProcessingTask.processBook(CLI.java:830)
	at org.audiveris.omr.CLI$CliTask.call(CLI.java:504)
	at org.audiveris.omr.Main.runBatchTasks(Main.java:371)
	at org.audiveris.omr.Main.main(Main.java:260)
	at Audiveris.main(Audiveris.java:50)
2025-11-09 18:07:05,601 INFO [1762740423554]                 Book.java:562  | 1 sheet in /Users/isabellelin/Documents/polygence-website/uploads/1762740423554.pdf
2025-11-09 18:07:05,712 INFO []                 Book.java:2531 | Stored /book.xml
2025-11-09 18:07:05,712 INFO []                 Book.java:2491 | Book stored as /Users/isabellelin/Documents/polygence-website/uploads/1762740423554.omr
2025-11-09 18:07:05,747 INFO []                 Book.java:1933 | Book reaching PAGE on sheets:[#1]
2025-11-09 18:07:05,749 INFO [1762740423554]       StepMonitoring.java:98   | LOAD
2025-11-09 18:07:05,979 INFO [1762740423554]            SheetStub.java:1268 | Loaded image #1 2550x3299 from /Users/isabellelin/Documents/polygence-website/uploads/1762740423554.pdf
2025-11-09 18:07:05,982 INFO [1762740423554]       StepMonitoring.java:98   | BINARY
2025-11-09 18:07:06,369 INFO [1762740423554]       StepMonitoring.java:98   | SCALE
2025-11-09 18:07:06,378 INFO [1762740423554]         ScaleBuilder.java:241  | Beam  guessed height: 10 -- 0.50 of 21 interline
2025-11-09 18:07:06,380 INFO [1762740423554]         ScaleBuilder.java:264  | Beam measured height: 10 -- 0.27 of [6..21] range at 239% of needed quorum
2025-11-09 18:07:06,380 INFO [1762740423554]            ScaleStep.java:65   | Scale{ interline(20,21,21) line(2,2,2) beam(10)}
2025-11-09 18:07:06,380 INFO [1762740423554]       StepMonitoring.java:98   | GRID
2025-11-09 18:07:06,654 INFO [1762740423554]       LinesRetriever.java:1500 | Global slope: 0.00000
2025-11-09 18:07:06,663 INFO [1762740423554]    ClustersRetriever.java:328  | Retrieved raw line clusters: 1 of sizes [5] with interline(20,21,21)
2025-11-09 18:07:06,692 INFO [1762740423554]            PeakGraph.java:310  | Systems: #1[1]
2025-11-09 18:07:06,829 INFO [1762740423554]        SystemManager.java:779  | 1 part along 1 system
2025-11-09 18:07:06,831 INFO [1762740423554]                 Book.java:545  | Created scores: [{Score 1}]
2025-11-09 18:07:06,832 INFO [1762740423554]       StepMonitoring.java:98   | HEADERS
2025-11-09 18:07:07,305 INFO [1762740423554]      BasicClassifier.java:277  | Classifier loaded XML norms.
2025-11-09 18:07:07,311 INFO [1762740423554]   AbstractClassifier.java:396  | Classifier data loaded from default uri jar:file:/Applications/Audiveris.app/Contents/app/audiveris.jar!/res/basic-classifier.zip
2025-11-09 18:07:08,457 INFO [1762740423554]       StepMonitoring.java:98   | STEM_SEEDS
2025-11-09 18:07:08,492 INFO [1762740423554]        StemSeedsStep.java:86   | stem(2 max:2)
2025-11-09 18:07:08,508 INFO [1762740423554]       StepMonitoring.java:98   | BEAMS
2025-11-09 18:07:13,131 INFO [1762740423554]       StepMonitoring.java:98   | LEDGERS
2025-11-09 18:07:13,211 INFO [1762740423554]       StepMonitoring.java:98   | HEADS
2025-11-09 18:07:14,535 INFO [1762740423554]        HeadSeedTally.java:235  | Scale information: HeadSeeds{NOTEHEAD_BLACK[L:-0.5,R:-0.5]}
2025-11-09 18:07:14,536 INFO [1762740423554]       StepMonitoring.java:98   | STEMS
2025-11-09 18:07:14,768 INFO [1762740423554]       StepMonitoring.java:98   | REDUCTION
2025-11-09 18:07:14,822 INFO [1762740423554]        ReductionStep.java:105  | Stems free length median value: 67 pixels, 3.2 interlines
2025-11-09 18:07:14,825 INFO [1762740423554]       StepMonitoring.java:98   | CUE_BEAMS
2025-11-09 18:07:14,826 INFO [1762740423554]         CueBeamsStep.java:81   | Step CUE_BEAMS is skipped because small heads switch is off
2025-11-09 18:07:14,826 INFO [1762740423554]       StepMonitoring.java:98   | TEXTS
2025-11-09 18:07:14,944 WARN [1762740423554]         TesseractOCR.java:335  | The collection of supported languages is empty
2025-11-09 18:07:14,945 INFO [1762740423554]              OcrUtil.java:106  | Missing support for 'eng' language(s)
2025-11-09 18:07:14,956 INFO [1762740423554]       StepMonitoring.java:98   | MEASURES
2025-11-09 18:07:14,969 INFO [1762740423554]                 Page.java:307  | 8 raw measures: [8 in system#1]
2025-11-09 18:07:14,969 INFO [1762740423554]       StepMonitoring.java:98   | CHORDS
2025-11-09 18:07:14,981 INFO [1762740423554]       StepMonitoring.java:98   | CURVES
2025-11-09 18:07:15,913 INFO [1762740423554]         SlursBuilder.java:240  | Slurs: 0
2025-11-09 18:07:15,917 INFO [1762740423554]      SegmentsBuilder.java:155  | Segments: 3
2025-11-09 18:07:15,919 INFO [1762740423554]       StepMonitoring.java:98   | SYMBOLS
2025-11-09 18:07:16,043 INFO [1762740423554]       StepMonitoring.java:98   | LINKS
2025-11-09 18:07:16,052 INFO [1762740423554]       StepMonitoring.java:98   | RHYTHMS
2025-11-09 18:07:16,072 INFO [1762740423554]       StepMonitoring.java:98   | PAGE
2025-11-09 18:07:16,075 INFO [1762740423554]                 Book.java:2550 | Book{1762740423554} storing
2025-11-09 18:07:16,098 INFO [1762740423554]                 Book.java:2531 | Stored /book.xml
2025-11-09 18:07:16,280 INFO [1762740423554]           DataHolder.java:348  | Stored /sheet#1/BINARY.png
2025-11-09 18:07:16,459 INFO [1762740423554]                Sheet.java:1562 | Stored /sheet#1/sheet#1.xml
2025-11-09 18:07:16,459 INFO [1762740423554]                 Book.java:2491 | Book stored as /Users/isabellelin/Documents/polygence-website/uploads/1762740423554.omr
2025-11-09 18:07:16,460 INFO [1762740423554]            SheetStub.java:1644 | Disposed sheet
2025-11-09 18:07:16,494 INFO [1762740423554]                 Book.java:2018 | End of Stub#1 memory: 37,294,168
2025-11-09 18:07:16,494 INFO [1762740423554]                 Book.java:2025 | Book processed.
2025-11-09 18:07:16,621 INFO [1762740423554]            SheetStub.java:995  | Loaded /sheet#1/sheet#1.xml
2025-11-09 18:07:16,827 INFO [1762740423554]      PartwiseBuilder.java:2661 | Exporting sheet(s): [#1]
2025-11-09 18:07:16,861 INFO [1762740423554]        ScoreExporter.java:164  | Score 1762740423554 exported to /Users/isabellelin/Documents/polygence-website/uploads/1762740423554.mxl
2025-11-09 18:07:16,884 INFO [1762740423554]                Score.java:181  | Closing {Score 1}
