2025-11-02 14:29:23,835 ERROR [1762122562329]              IOUtils.java:278  | Unmapping is not supported.
java.lang.reflect.InaccessibleObjectException: Unable to make public jdk.internal.ref.Cleaner java.nio.DirectByteBuffer.cleaner() accessible: module java.base does not "opens java.nio" to unnamed module @41fbdac4
	at java.base/java.lang.reflect.AccessibleObject.throwInaccessibleObjectException(Unknown Source)
	at java.base/java.lang.reflect.AccessibleObject.checkCanSetAccessible(Unknown Source)
	at java.base/java.lang.reflect.AccessibleObject.checkCanSetAccessible(Unknown Source)
	at java.base/java.lang.reflect.Method.checkCanSetAccessible(Unknown Source)
	at java.base/java.lang.reflect.Method.setAccessible(Unknown Source)
	at org.apache.pdfbox.io.IOUtils.unmapper(IOUtils.java:244)
	at java.base/java.security.AccessController.doPrivileged(Unknown Source)
	at org.apache.pdfbox.io.IOUtils.<clinit>(IOUtils.java:69)
	at org.apache.pdfbox.Loader.loadPDF(Loader.java:378)
	at org.audiveris.omr.image.ImageLoading.getPdfLoader(ImageLoading.java:159)
	at org.audiveris.omr.image.ImageLoading.getLoader(ImageLoading.java:209)
	at org.audiveris.omr.sheet.Book.createStubs(Book.java:557)
	at org.audiveris.omr.CLI$ProcessingTask.processBook(CLI.java:830)
	at org.audiveris.omr.CLI$CliTask.call(CLI.java:504)
	at org.audiveris.omr.Main.runBatchTasks(Main.java:371)
	at org.audiveris.omr.Main.main(Main.java:260)
	at Audiveris.main(Audiveris.java:50)
2025-11-02 14:29:23,847 WARN [1762122562329]            PDFParser.java:161  | Error: Header doesn't contain versioninfo
2025-11-02 14:29:23,921 WARN [1762122562329]         ImageLoading.java:162  | Error opening pdf file /Users/isabellelin/Documents/polygence-website/uploads/1762122562329.pdf
java.io.IOException: Missing root object specification in trailer.
	at org.apache.pdfbox.pdfparser.PDFParser.initialParse(PDFParser.java:112)
	at org.apache.pdfbox.pdfparser.PDFParser.parse(PDFParser.java:171)
	at org.apache.pdfbox.pdfparser.PDFParser.parse(PDFParser.java:136)
	at org.apache.pdfbox.Loader.loadPDF(Loader.java:480)
	at org.apache.pdfbox.Loader.loadPDF(Loader.java:378)
	at org.audiveris.omr.image.ImageLoading.getPdfLoader(ImageLoading.java:159)
	at org.audiveris.omr.image.ImageLoading.getLoader(ImageLoading.java:209)
	at org.audiveris.omr.sheet.Book.createStubs(Book.java:557)
	at org.audiveris.omr.CLI$ProcessingTask.processBook(CLI.java:830)
	at org.audiveris.omr.CLI$CliTask.call(CLI.java:504)
	at org.audiveris.omr.Main.runBatchTasks(Main.java:371)
	at org.audiveris.omr.Main.main(Main.java:260)
	at Audiveris.main(Audiveris.java:50)
2025-11-02 14:29:23,922 WARN [1762122562329]         ImageLoading.java:216  | Cannot find a loader for /Users/isabellelin/Documents/polygence-website/uploads/1762122562329.pdf
2025-11-02 14:29:24,045 INFO [1762122562329]                 Book.java:2531 | Stored /book.xml
2025-11-02 14:29:24,046 INFO [1762122562329]                 Book.java:2491 | Book stored as /Users/isabellelin/Documents/polygence-website/uploads/1762122562329.omr
2025-11-02 14:29:24,050 INFO [1762122562329]                 Book.java:545  | Created scores: []
