2025-11-09 18:22:35,104 ERROR [1762741353011]              IOUtils.java:278  | Unmapping is not supported.
java.lang.reflect.InaccessibleObjectException: Unable to make public jdk.internal.ref.Cleaner java.nio.DirectByteBuffer.cleaner() accessible: module java.base does not "opens java.nio" to unnamed module @41fbdac4
	at java.base/java.lang.reflect.AccessibleObject.throwInaccessibleObjectException(Unknown Source)
	at java.base/java.lang.reflect.AccessibleObject.checkCanSetAccessible(Unknown Source)
	at java.base/java.lang.reflect.AccessibleObject.checkCanSetAccessible(Unknown Source)
	at java.base/java.lang.reflect.Method.checkCanSetAccessible(Unknown Source)
	at java.base/java.lang.reflect.Method.setAccessible(Unknown Source)
	at org.apache.pdfbox.io.IOUtils.unmapper(IOUtils.java:244)
	at java.base/java.security.AccessController.doPrivileged(Unknown Source)
	at org.apache.pdfbox.io.IOUtils.<clinit>(IOUtils.java:69)
	at org.apache.pdfbox.Loader.loadPDF(Loader.java:378)
	at org.audiveris.omr.image.ImageLoading.getPdfLoader(ImageLoading.java:159)
	at org.audiveris.omr.image.ImageLoading.getLoader(ImageLoading.java:209)
	at org.audiveris.omr.sheet.Book.createStubs(Book.java:557)
	at org.audiveris.omr.CLI$ProcessingTask.processBook(CLI.java:830)
	at org.audiveris.omr.CLI$CliTask.call(CLI.java:504)
	at org.audiveris.omr.Main.runBatchTasks(Main.java:371)
	at org.audiveris.omr.Main.main(Main.java:260)
	at Audiveris.main(Audiveris.java:50)
2025-11-09 18:22:35,171 INFO [1762741353011]                 Book.java:562  | 1 sheet in /Users/isabellelin/Documents/polygence-website/uploads/1762741353011.pdf
2025-11-09 18:22:35,300 INFO []                 Book.java:2531 | Stored /book.xml
2025-11-09 18:22:35,300 INFO []                 Book.java:2491 | Book stored as /Users/isabellelin/Documents/polygence-website/uploads/1762741353011.omr
2025-11-09 18:22:35,306 INFO []                 Book.java:1933 | Book reaching PAGE on sheets:[#1]
2025-11-09 18:22:35,314 INFO [1762741353011]       StepMonitoring.java:98   | LOAD
2025-11-09 18:22:35,548 INFO [1762741353011]            SheetStub.java:1268 | Loaded image #1 2550x3299 from /Users/isabellelin/Documents/polygence-website/uploads/1762741353011.pdf
2025-11-09 18:22:35,550 INFO [1762741353011]       StepMonitoring.java:98   | BINARY
2025-11-09 18:22:35,885 INFO [1762741353011]       StepMonitoring.java:98   | SCALE
2025-11-09 18:22:35,893 INFO [1762741353011]         ScaleBuilder.java:241  | Beam  guessed height: 10 -- 0.50 of 21 interline
2025-11-09 18:22:35,894 INFO [1762741353011]         ScaleBuilder.java:264  | Beam measured height: 10 -- 0.27 of [6..21] range at 239% of needed quorum
2025-11-09 18:22:35,894 INFO [1762741353011]            ScaleStep.java:65   | Scale{ interline(20,21,21) line(2,2,2) beam(10)}
2025-11-09 18:22:35,894 INFO [1762741353011]       StepMonitoring.java:98   | GRID
2025-11-09 18:22:36,099 INFO [1762741353011]       LinesRetriever.java:1500 | Global slope: 0.00000
2025-11-09 18:22:36,106 INFO [1762741353011]    ClustersRetriever.java:328  | Retrieved raw line clusters: 1 of sizes [5] with interline(20,21,21)
2025-11-09 18:22:36,133 INFO [1762741353011]            PeakGraph.java:310  | Systems: #1[1]
2025-11-09 18:22:36,242 INFO [1762741353011]        SystemManager.java:779  | 1 part along 1 system
2025-11-09 18:22:36,243 INFO [1762741353011]                 Book.java:545  | Created scores: [{Score 1}]
2025-11-09 18:22:36,243 INFO [1762741353011]       StepMonitoring.java:98   | HEADERS
2025-11-09 18:22:36,416 INFO []      BasicClassifier.java:277  | Classifier loaded XML norms.
2025-11-09 18:22:36,418 INFO []   AbstractClassifier.java:396  | Classifier data loaded from default uri jar:file:/Applications/Audiveris.app/Contents/app/audiveris.jar!/res/basic-classifier.zip
2025-11-09 18:22:36,836 INFO [1762741353011]       StepMonitoring.java:98   | STEM_SEEDS
2025-11-09 18:22:36,867 INFO [1762741353011]        StemSeedsStep.java:86   | stem(2 max:2)
2025-11-09 18:22:36,879 INFO [1762741353011]       StepMonitoring.java:98   | BEAMS
2025-11-09 18:22:39,960 INFO [1762741353011]       StepMonitoring.java:98   | LEDGERS
2025-11-09 18:22:40,133 INFO [1762741353011]       StepMonitoring.java:98   | HEADS
2025-11-09 18:22:41,008 INFO [1762741353011]        HeadSeedTally.java:235  | Scale information: HeadSeeds{NOTEHEAD_BLACK[L:-0.5,R:-0.5]}
2025-11-09 18:22:41,008 INFO [1762741353011]       StepMonitoring.java:98   | STEMS
2025-11-09 18:22:41,174 INFO [1762741353011]       StepMonitoring.java:98   | REDUCTION
2025-11-09 18:22:41,217 INFO [1762741353011]        ReductionStep.java:105  | Stems free length median value: 67 pixels, 3.2 interlines
2025-11-09 18:22:41,219 INFO [1762741353011]       StepMonitoring.java:98   | CUE_BEAMS
2025-11-09 18:22:41,220 INFO [1762741353011]         CueBeamsStep.java:81   | Step CUE_BEAMS is skipped because small heads switch is off
2025-11-09 18:22:41,221 INFO [1762741353011]       StepMonitoring.java:98   | TEXTS
2025-11-09 18:22:41,307 WARN [1762741353011]         TesseractOCR.java:335  | The collection of supported languages is empty
2025-11-09 18:22:41,307 INFO [1762741353011]              OcrUtil.java:106  | Missing support for 'eng' language(s)
2025-11-09 18:22:41,313 INFO [1762741353011]       StepMonitoring.java:98   | MEASURES
2025-11-09 18:22:41,322 INFO [1762741353011]                 Page.java:307  | 8 raw measures: [8 in system#1]
2025-11-09 18:22:41,322 INFO [1762741353011]       StepMonitoring.java:98   | CHORDS
2025-11-09 18:22:41,329 INFO [1762741353011]       StepMonitoring.java:98   | CURVES
2025-11-09 18:22:42,200 INFO [1762741353011]         SlursBuilder.java:240  | Slurs: 0
2025-11-09 18:22:42,205 INFO [1762741353011]      SegmentsBuilder.java:155  | Segments: 3
2025-11-09 18:22:42,209 INFO [1762741353011]       StepMonitoring.java:98   | SYMBOLS
2025-11-09 18:22:42,361 INFO [1762741353011]       StepMonitoring.java:98   | LINKS
2025-11-09 18:22:42,372 INFO [1762741353011]       StepMonitoring.java:98   | RHYTHMS
2025-11-09 18:22:42,391 INFO [1762741353011]       StepMonitoring.java:98   | PAGE
2025-11-09 18:22:42,394 INFO [1762741353011]                 Book.java:2550 | Book{1762741353011} storing
2025-11-09 18:22:42,416 INFO [1762741353011]                 Book.java:2531 | Stored /book.xml
2025-11-09 18:22:42,553 INFO [1762741353011]           DataHolder.java:348  | Stored /sheet#1/BINARY.png
2025-11-09 18:22:42,733 INFO [1762741353011]                Sheet.java:1562 | Stored /sheet#1/sheet#1.xml
2025-11-09 18:22:42,733 INFO [1762741353011]                 Book.java:2491 | Book stored as /Users/isabellelin/Documents/polygence-website/uploads/1762741353011.omr
2025-11-09 18:22:42,735 INFO [1762741353011]            SheetStub.java:1644 | Disposed sheet
2025-11-09 18:22:42,767 INFO [1762741353011]                 Book.java:2018 | End of Stub#1 memory: 36,766,696
2025-11-09 18:22:42,768 INFO [1762741353011]                 Book.java:2025 | Book processed.
2025-11-09 18:22:43,112 INFO [1762741353011]            SheetStub.java:995  | Loaded /sheet#1/sheet#1.xml
2025-11-09 18:22:43,317 INFO [1762741353011]      PartwiseBuilder.java:2661 | Exporting sheet(s): [#1]
2025-11-09 18:22:43,345 INFO [1762741353011]        ScoreExporter.java:164  | Score 1762741353011 exported to /Users/isabellelin/Documents/polygence-website/uploads/1762741353011.mxl
2025-11-09 18:22:43,367 INFO [1762741353011]                Score.java:181  | Closing {Score 1}
