2025-11-09 17:54:48,928 ERROR [1762739687012]              IOUtils.java:278  | Unmapping is not supported.
java.lang.reflect.InaccessibleObjectException: Unable to make public jdk.internal.ref.Cleaner java.nio.DirectByteBuffer.cleaner() accessible: module java.base does not "opens java.nio" to unnamed module @41fbdac4
	at java.base/java.lang.reflect.AccessibleObject.throwInaccessibleObjectException(Unknown Source)
	at java.base/java.lang.reflect.AccessibleObject.checkCanSetAccessible(Unknown Source)
	at java.base/java.lang.reflect.AccessibleObject.checkCanSetAccessible(Unknown Source)
	at java.base/java.lang.reflect.Method.checkCanSetAccessible(Unknown Source)
	at java.base/java.lang.reflect.Method.setAccessible(Unknown Source)
	at org.apache.pdfbox.io.IOUtils.unmapper(IOUtils.java:244)
	at java.base/java.security.AccessController.doPrivileged(Unknown Source)
	at org.apache.pdfbox.io.IOUtils.<clinit>(IOUtils.java:69)
	at org.apache.pdfbox.Loader.loadPDF(Loader.java:378)
	at org.audiveris.omr.image.ImageLoading.getPdfLoader(ImageLoading.java:159)
	at org.audiveris.omr.image.ImageLoading.getLoader(ImageLoading.java:209)
	at org.audiveris.omr.sheet.Book.createStubs(Book.java:557)
	at org.audiveris.omr.CLI$ProcessingTask.processBook(CLI.java:830)
	at org.audiveris.omr.CLI$CliTask.call(CLI.java:504)
	at org.audiveris.omr.Main.runBatchTasks(Main.java:371)
	at org.audiveris.omr.Main.main(Main.java:260)
	at Audiveris.main(Audiveris.java:50)
2025-11-09 17:54:48,975 INFO [1762739687012]                 Book.java:562  | 1 sheet in /Users/isabellelin/Documents/polygence-website/uploads/1762739687012.pdf
2025-11-09 17:54:49,077 INFO []                 Book.java:2531 | Stored /book.xml
2025-11-09 17:54:49,077 INFO []                 Book.java:2491 | Book stored as /Users/isabellelin/Documents/polygence-website/uploads/1762739687012.omr
2025-11-09 17:54:49,080 INFO []                 Book.java:1933 | Book reaching PAGE on sheets:[#1]
2025-11-09 17:54:49,081 INFO [1762739687012]       StepMonitoring.java:98   | LOAD
2025-11-09 17:54:49,295 INFO [1762739687012]            SheetStub.java:1268 | Loaded image #1 2550x3299 from /Users/isabellelin/Documents/polygence-website/uploads/1762739687012.pdf
2025-11-09 17:54:49,297 INFO [1762739687012]       StepMonitoring.java:98   | BINARY
2025-11-09 17:54:49,633 INFO [1762739687012]       StepMonitoring.java:98   | SCALE
2025-11-09 17:54:49,641 INFO [1762739687012]         ScaleBuilder.java:241  | Beam  guessed height: 10 -- 0.50 of 21 interline
2025-11-09 17:54:49,641 INFO [1762739687012]         ScaleBuilder.java:264  | Beam measured height: 10 -- 0.27 of [6..21] range at 239% of needed quorum
2025-11-09 17:54:49,642 INFO [1762739687012]            ScaleStep.java:65   | Scale{ interline(20,21,21) line(2,2,2) beam(10)}
2025-11-09 17:54:49,642 INFO [1762739687012]       StepMonitoring.java:98   | GRID
2025-11-09 17:54:49,872 INFO [1762739687012]       LinesRetriever.java:1500 | Global slope: 0.00000
2025-11-09 17:54:49,880 INFO [1762739687012]    ClustersRetriever.java:328  | Retrieved raw line clusters: 1 of sizes [5] with interline(20,21,21)
2025-11-09 17:54:49,905 INFO [1762739687012]            PeakGraph.java:310  | Systems: #1[1]
2025-11-09 17:54:50,013 INFO [1762739687012]        SystemManager.java:779  | 1 part along 1 system
2025-11-09 17:54:50,013 INFO [1762739687012]                 Book.java:545  | Created scores: [{Score 1}]
2025-11-09 17:54:50,013 INFO [1762739687012]       StepMonitoring.java:98   | HEADERS
2025-11-09 17:54:50,187 INFO [1762739687012]      BasicClassifier.java:277  | Classifier loaded XML norms.
2025-11-09 17:54:50,189 INFO [1762739687012]   AbstractClassifier.java:396  | Classifier data loaded from default uri jar:file:/Applications/Audiveris.app/Contents/app/audiveris.jar!/res/basic-classifier.zip
2025-11-09 17:54:50,661 INFO [1762739687012]       StepMonitoring.java:98   | STEM_SEEDS
2025-11-09 17:54:50,696 INFO [1762739687012]        StemSeedsStep.java:86   | stem(2 max:2)
2025-11-09 17:54:50,712 INFO [1762739687012]       StepMonitoring.java:98   | BEAMS
2025-11-09 17:54:54,633 INFO [1762739687012]       StepMonitoring.java:98   | LEDGERS
2025-11-09 17:54:54,726 INFO [1762739687012]       StepMonitoring.java:98   | HEADS
2025-11-09 17:54:56,665 INFO [1762739687012]        HeadSeedTally.java:235  | Scale information: HeadSeeds{NOTEHEAD_BLACK[L:-0.5,R:-0.5]}
2025-11-09 17:54:56,666 INFO [1762739687012]       StepMonitoring.java:98   | STEMS
2025-11-09 17:54:56,851 INFO [1762739687012]       StepMonitoring.java:98   | REDUCTION
2025-11-09 17:54:56,896 INFO [1762739687012]        ReductionStep.java:105  | Stems free length median value: 67 pixels, 3.2 interlines
2025-11-09 17:54:56,902 INFO [1762739687012]       StepMonitoring.java:98   | CUE_BEAMS
2025-11-09 17:54:56,904 INFO [1762739687012]         CueBeamsStep.java:81   | Step CUE_BEAMS is skipped because small heads switch is off
2025-11-09 17:54:56,906 INFO [1762739687012]       StepMonitoring.java:98   | TEXTS
2025-11-09 17:54:57,041 WARN [1762739687012]         TesseractOCR.java:335  | The collection of supported languages is empty
2025-11-09 17:54:57,042 INFO [1762739687012]              OcrUtil.java:106  | Missing support for 'eng' language(s)
2025-11-09 17:54:57,056 INFO [1762739687012]       StepMonitoring.java:98   | MEASURES
2025-11-09 17:54:57,073 INFO [1762739687012]                 Page.java:307  | 8 raw measures: [8 in system#1]
2025-11-09 17:54:57,074 INFO [1762739687012]       StepMonitoring.java:98   | CHORDS
2025-11-09 17:54:57,095 INFO [1762739687012]       StepMonitoring.java:98   | CURVES
2025-11-09 17:54:58,267 INFO [1762739687012]         SlursBuilder.java:240  | Slurs: 0
2025-11-09 17:54:58,274 INFO [1762739687012]      SegmentsBuilder.java:155  | Segments: 3
2025-11-09 17:54:58,280 INFO [1762739687012]       StepMonitoring.java:98   | SYMBOLS
2025-11-09 17:54:58,473 INFO [1762739687012]       StepMonitoring.java:98   | LINKS
2025-11-09 17:54:58,489 INFO [1762739687012]       StepMonitoring.java:98   | RHYTHMS
2025-11-09 17:54:58,518 INFO [1762739687012]       StepMonitoring.java:98   | PAGE
2025-11-09 17:54:58,523 INFO [1762739687012]                 Book.java:2550 | Book{1762739687012} storing
2025-11-09 17:54:58,555 INFO [1762739687012]                 Book.java:2531 | Stored /book.xml
2025-11-09 17:54:58,760 INFO [1762739687012]           DataHolder.java:348  | Stored /sheet#1/BINARY.png
2025-11-09 17:54:58,959 INFO [1762739687012]                Sheet.java:1562 | Stored /sheet#1/sheet#1.xml
2025-11-09 17:54:58,959 INFO [1762739687012]                 Book.java:2491 | Book stored as /Users/isabellelin/Documents/polygence-website/uploads/1762739687012.omr
2025-11-09 17:54:58,960 INFO [1762739687012]            SheetStub.java:1644 | Disposed sheet
2025-11-09 17:54:58,997 INFO [1762739687012]                 Book.java:2018 | End of Stub#1 memory: 36,200,624
2025-11-09 17:54:58,998 INFO [1762739687012]                 Book.java:2025 | Book processed.
2025-11-09 17:54:59,380 INFO [1762739687012]            SheetStub.java:995  | Loaded /sheet#1/sheet#1.xml
2025-11-09 17:54:59,717 INFO [1762739687012]      PartwiseBuilder.java:2661 | Exporting sheet(s): [#1]
2025-11-09 17:54:59,771 INFO [1762739687012]        ScoreExporter.java:164  | Score 1762739687012 exported to /Users/isabellelin/Documents/polygence-website/uploads/1762739687012.mxl
2025-11-09 17:54:59,803 INFO [1762739687012]                Score.java:181  | Closing {Score 1}
