2025-11-02 16:55:43,734 ERROR [1762131342007]              IOUtils.java:278  | Unmapping is not supported.
java.lang.reflect.InaccessibleObjectException: Unable to make public jdk.internal.ref.Cleaner java.nio.DirectByteBuffer.cleaner() accessible: module java.base does not "opens java.nio" to unnamed module @41fbdac4
	at java.base/java.lang.reflect.AccessibleObject.throwInaccessibleObjectException(Unknown Source)
	at java.base/java.lang.reflect.AccessibleObject.checkCanSetAccessible(Unknown Source)
	at java.base/java.lang.reflect.AccessibleObject.checkCanSetAccessible(Unknown Source)
	at java.base/java.lang.reflect.Method.checkCanSetAccessible(Unknown Source)
	at java.base/java.lang.reflect.Method.setAccessible(Unknown Source)
	at org.apache.pdfbox.io.IOUtils.unmapper(IOUtils.java:244)
	at java.base/java.security.AccessController.doPrivileged(Unknown Source)
	at org.apache.pdfbox.io.IOUtils.<clinit>(IOUtils.java:69)
	at org.apache.pdfbox.Loader.loadPDF(Loader.java:378)
	at org.audiveris.omr.image.ImageLoading.getPdfLoader(ImageLoading.java:159)
	at org.audiveris.omr.image.ImageLoading.getLoader(ImageLoading.java:209)
	at org.audiveris.omr.sheet.Book.createStubs(Book.java:557)
	at org.audiveris.omr.CLI$ProcessingTask.processBook(CLI.java:830)
	at org.audiveris.omr.CLI$CliTask.call(CLI.java:504)
	at org.audiveris.omr.Main.runBatchTasks(Main.java:371)
	at org.audiveris.omr.Main.main(Main.java:260)
	at Audiveris.main(Audiveris.java:50)
2025-11-02 16:55:43,782 INFO [1762131342007]                 Book.java:562  | 1 sheet in /Users/isabellelin/Documents/polygence-website/uploads/1762131342007.pdf
2025-11-02 16:55:43,885 INFO []                 Book.java:2531 | Stored /book.xml
2025-11-02 16:55:43,886 INFO []                 Book.java:2491 | Book stored as /Users/isabellelin/Documents/polygence-website/uploads/1762131342007.omr
2025-11-02 16:55:43,888 INFO []                 Book.java:1933 | Book reaching PAGE on sheets:[#1]
2025-11-02 16:55:43,890 INFO [1762131342007]       StepMonitoring.java:98   | LOAD
2025-11-02 16:55:44,108 INFO [1762131342007]            SheetStub.java:1268 | Loaded image #1 2550x3299 from /Users/isabellelin/Documents/polygence-website/uploads/1762131342007.pdf
2025-11-02 16:55:44,110 INFO [1762131342007]       StepMonitoring.java:98   | BINARY
2025-11-02 16:55:44,446 INFO [1762131342007]       StepMonitoring.java:98   | SCALE
2025-11-02 16:55:44,456 INFO [1762131342007]         ScaleBuilder.java:241  | Beam  guessed height: 10 -- 0.50 of 21 interline
2025-11-02 16:55:44,457 INFO [1762131342007]         ScaleBuilder.java:264  | Beam measured height: 10 -- 0.27 of [6..21] range at 239% of needed quorum
2025-11-02 16:55:44,458 INFO [1762131342007]            ScaleStep.java:65   | Scale{ interline(20,21,21) line(2,2,2) beam(10)}
2025-11-02 16:55:44,459 INFO [1762131342007]       StepMonitoring.java:98   | GRID
2025-11-02 16:55:44,670 INFO [1762131342007]       LinesRetriever.java:1500 | Global slope: 0.00000
2025-11-02 16:55:44,678 INFO [1762131342007]    ClustersRetriever.java:328  | Retrieved raw line clusters: 1 of sizes [5] with interline(20,21,21)
2025-11-02 16:55:44,702 INFO [1762131342007]            PeakGraph.java:310  | Systems: #1[1]
2025-11-02 16:55:44,807 INFO [1762131342007]        SystemManager.java:779  | 1 part along 1 system
2025-11-02 16:55:44,807 INFO [1762131342007]                 Book.java:545  | Created scores: [{Score 1}]
2025-11-02 16:55:44,807 INFO [1762131342007]       StepMonitoring.java:98   | HEADERS
2025-11-02 16:55:44,979 INFO [1762131342007]      BasicClassifier.java:277  | Classifier loaded XML norms.
2025-11-02 16:55:44,982 INFO [1762131342007]   AbstractClassifier.java:396  | Classifier data loaded from default uri jar:file:/Applications/Audiveris.app/Contents/app/audiveris.jar!/res/basic-classifier.zip
2025-11-02 16:55:45,557 INFO [1762131342007]       StepMonitoring.java:98   | STEM_SEEDS
2025-11-02 16:55:45,592 INFO [1762131342007]        StemSeedsStep.java:86   | stem(2 max:2)
2025-11-02 16:55:45,606 INFO [1762131342007]       StepMonitoring.java:98   | BEAMS
2025-11-02 16:55:51,498 INFO [1762131342007]       StepMonitoring.java:98   | LEDGERS
2025-11-02 16:55:52,133 INFO [1762131342007]       StepMonitoring.java:98   | HEADS
2025-11-02 16:55:55,139 INFO [1762131342007]        HeadSeedTally.java:235  | Scale information: HeadSeeds{NOTEHEAD_BLACK[L:-0.5,R:-0.5]}
2025-11-02 16:55:55,142 INFO [1762131342007]       StepMonitoring.java:98   | STEMS
2025-11-02 16:55:55,357 INFO [1762131342007]       StepMonitoring.java:98   | REDUCTION
2025-11-02 16:55:55,390 INFO [1762131342007]        ReductionStep.java:105  | Stems free length median value: 67 pixels, 3.2 interlines
2025-11-02 16:55:55,392 INFO [1762131342007]       StepMonitoring.java:98   | CUE_BEAMS
2025-11-02 16:55:55,393 INFO [1762131342007]         CueBeamsStep.java:81   | Step CUE_BEAMS is skipped because small heads switch is off
2025-11-02 16:55:55,393 INFO [1762131342007]       StepMonitoring.java:98   | TEXTS
2025-11-02 16:55:55,489 WARN [1762131342007]         TesseractOCR.java:335  | The collection of supported languages is empty
2025-11-02 16:55:55,490 INFO [1762131342007]              OcrUtil.java:106  | Missing support for 'eng' language(s)
2025-11-02 16:55:55,496 INFO [1762131342007]       StepMonitoring.java:98   | MEASURES
2025-11-02 16:55:55,504 INFO [1762131342007]                 Page.java:307  | 8 raw measures: [8 in system#1]
2025-11-02 16:55:55,505 INFO [1762131342007]       StepMonitoring.java:98   | CHORDS
2025-11-02 16:55:55,511 INFO [1762131342007]       StepMonitoring.java:98   | CURVES
2025-11-02 16:55:56,546 INFO [1762131342007]         SlursBuilder.java:240  | Slurs: 0
2025-11-02 16:55:56,552 INFO [1762131342007]      SegmentsBuilder.java:155  | Segments: 3
2025-11-02 16:55:56,557 INFO [1762131342007]       StepMonitoring.java:98   | SYMBOLS
2025-11-02 16:55:57,063 INFO [1762131342007]       StepMonitoring.java:98   | LINKS
2025-11-02 16:55:57,094 INFO [1762131342007]       StepMonitoring.java:98   | RHYTHMS
2025-11-02 16:55:57,153 INFO [1762131342007]       StepMonitoring.java:98   | PAGE
2025-11-02 16:55:57,165 INFO [1762131342007]                 Book.java:2550 | Book{1762131342007} storing
2025-11-02 16:55:57,249 INFO [1762131342007]                 Book.java:2531 | Stored /book.xml
2025-11-02 16:55:57,451 INFO [1762131342007]           DataHolder.java:348  | Stored /sheet#1/BINARY.png
2025-11-02 16:55:57,692 INFO [1762131342007]                Sheet.java:1562 | Stored /sheet#1/sheet#1.xml
2025-11-02 16:55:57,692 INFO [1762131342007]                 Book.java:2491 | Book stored as /Users/isabellelin/Documents/polygence-website/uploads/1762131342007.omr
2025-11-02 16:55:57,694 INFO [1762131342007]            SheetStub.java:1644 | Disposed sheet
2025-11-02 16:55:57,741 INFO [1762131342007]                 Book.java:2018 | End of Stub#1 memory: 36,264,760
2025-11-02 16:55:57,741 INFO [1762131342007]                 Book.java:2025 | Book processed.
2025-11-02 16:55:58,445 INFO [1762131342007]            SheetStub.java:995  | Loaded /sheet#1/sheet#1.xml
2025-11-02 16:55:58,820 INFO [1762131342007]      PartwiseBuilder.java:2661 | Exporting sheet(s): [#1]
2025-11-02 16:55:58,880 INFO [1762131342007]        ScoreExporter.java:164  | Score 1762131342007 exported to /Users/isabellelin/Documents/polygence-website/uploads/1762131342007.mxl
2025-11-02 16:55:58,914 INFO [1762131342007]                Score.java:181  | Closing {Score 1}
