2025-11-02 14:35:42,125 ERROR [1762122940456]              IOUtils.java:278  | Unmapping is not supported.
java.lang.reflect.InaccessibleObjectException: Unable to make public jdk.internal.ref.Cleaner java.nio.DirectByteBuffer.cleaner() accessible: module java.base does not "opens java.nio" to unnamed module @41fbdac4
	at java.base/java.lang.reflect.AccessibleObject.throwInaccessibleObjectException(Unknown Source)
	at java.base/java.lang.reflect.AccessibleObject.checkCanSetAccessible(Unknown Source)
	at java.base/java.lang.reflect.AccessibleObject.checkCanSetAccessible(Unknown Source)
	at java.base/java.lang.reflect.Method.checkCanSetAccessible(Unknown Source)
	at java.base/java.lang.reflect.Method.setAccessible(Unknown Source)
	at org.apache.pdfbox.io.IOUtils.unmapper(IOUtils.java:244)
	at java.base/java.security.AccessController.doPrivileged(Unknown Source)
	at org.apache.pdfbox.io.IOUtils.<clinit>(IOUtils.java:69)
	at org.apache.pdfbox.Loader.loadPDF(Loader.java:378)
	at org.audiveris.omr.image.ImageLoading.getPdfLoader(ImageLoading.java:159)
	at org.audiveris.omr.image.ImageLoading.getLoader(ImageLoading.java:209)
	at org.audiveris.omr.sheet.Book.createStubs(Book.java:557)
	at org.audiveris.omr.CLI$ProcessingTask.processBook(CLI.java:830)
	at org.audiveris.omr.CLI$CliTask.call(CLI.java:504)
	at org.audiveris.omr.Main.runBatchTasks(Main.java:371)
	at org.audiveris.omr.Main.main(Main.java:260)
	at Audiveris.main(Audiveris.java:50)
2025-11-02 14:35:42,171 INFO [1762122940456]                 Book.java:562  | 1 sheet in /Users/isabellelin/Documents/polygence-website/uploads/1762122940456.pdf
2025-11-02 14:35:42,281 INFO []                 Book.java:2531 | Stored /book.xml
2025-11-02 14:35:42,281 INFO []                 Book.java:2491 | Book stored as /Users/isabellelin/Documents/polygence-website/uploads/1762122940456.omr
2025-11-02 14:35:42,284 INFO []                 Book.java:1933 | Book reaching PAGE on sheets:[#1]
2025-11-02 14:35:42,286 INFO [1762122940456]       StepMonitoring.java:98   | LOAD
2025-11-02 14:35:42,506 INFO [1762122940456]            SheetStub.java:1268 | Loaded image #1 2550x3299 from /Users/isabellelin/Documents/polygence-website/uploads/1762122940456.pdf
2025-11-02 14:35:42,508 INFO [1762122940456]       StepMonitoring.java:98   | BINARY
2025-11-02 14:35:42,845 INFO [1762122940456]       StepMonitoring.java:98   | SCALE
2025-11-02 14:35:42,856 INFO [1762122940456]         ScaleBuilder.java:241  | Beam  guessed height: 10 -- 0.50 of 21 interline
2025-11-02 14:35:42,861 INFO [1762122940456]         ScaleBuilder.java:264  | Beam measured height: 20 -- 0.93 of [6..21] range at 98% of needed quorum
2025-11-02 14:35:42,861 WARN [1762122940456]         ScaleBuilder.java:293  | No reliable beam height found, guessed value: 10
2025-11-02 14:35:42,861 INFO [1762122940456]            ScaleStep.java:65   | Scale{ interline(20,21,21) line(2,2,3) beam(10 extra)}
2025-11-02 14:35:42,862 INFO [1762122940456]       StepMonitoring.java:98   | GRID
2025-11-02 14:35:43,082 INFO [1762122940456]       LinesRetriever.java:1500 | Global slope: 0.00000
2025-11-02 14:35:43,089 INFO [1762122940456]    ClustersRetriever.java:853  | Destroying spurious Cluster#C161{interline(20,21,21) size:5 fil#161@0 fil#163@1 fil#166@2 fil#172@3 fil#182@4}
2025-11-02 14:35:43,090 INFO [1762122940456]    ClustersRetriever.java:328  | Retrieved raw line clusters: 1 of sizes [5] with interline(20,21,21)
2025-11-02 14:35:43,115 INFO [1762122940456]            PeakGraph.java:310  | Systems: #1[1]
2025-11-02 14:35:43,222 INFO [1762122940456]        SystemManager.java:779  | 1 part along 1 system
2025-11-02 14:35:43,222 INFO [1762122940456]                 Book.java:545  | Created scores: [{Score 1}]
2025-11-02 14:35:43,223 INFO [1762122940456]       StepMonitoring.java:98   | HEADERS
2025-11-02 14:35:43,438 INFO [1762122940456]      BasicClassifier.java:277  | Classifier loaded XML norms.
2025-11-02 14:35:43,441 INFO [1762122940456]   AbstractClassifier.java:396  | Classifier data loaded from default uri jar:file:/Applications/Audiveris.app/Contents/app/audiveris.jar!/res/basic-classifier.zip
2025-11-02 14:35:43,891 INFO [1762122940456]       StepMonitoring.java:98   | STEM_SEEDS
2025-11-02 14:35:43,927 INFO [1762122940456]        StemSeedsStep.java:86   | stem(2 max:2)
2025-11-02 14:35:43,941 INFO [1762122940456]       StepMonitoring.java:98   | BEAMS
2025-11-02 14:35:48,520 INFO [1762122940456]       StepMonitoring.java:98   | LEDGERS
2025-11-02 14:35:48,665 INFO [1762122940456]       StepMonitoring.java:98   | HEADS
2025-11-02 14:35:50,269 INFO [1762122940456]        HeadSeedTally.java:235  | Scale information: HeadSeeds{NOTEHEAD_BLACK[L:-0.5]}
2025-11-02 14:35:50,269 INFO [1762122940456]       StepMonitoring.java:98   | STEMS
2025-11-02 14:35:50,393 INFO [1762122940456]       StepMonitoring.java:98   | REDUCTION
2025-11-02 14:35:50,419 INFO [1762122940456]        ReductionStep.java:105  | Stems free length median value: 72 pixels, 3.4 interlines
2025-11-02 14:35:50,422 INFO [1762122940456]       StepMonitoring.java:98   | CUE_BEAMS
2025-11-02 14:35:50,422 INFO [1762122940456]         CueBeamsStep.java:81   | Step CUE_BEAMS is skipped because small heads switch is off
2025-11-02 14:35:50,423 INFO [1762122940456]       StepMonitoring.java:98   | TEXTS
2025-11-02 14:35:50,531 WARN [1762122940456]         TesseractOCR.java:335  | The collection of supported languages is empty
2025-11-02 14:35:50,531 INFO [1762122940456]              OcrUtil.java:106  | Missing support for 'eng' language(s)
2025-11-02 14:35:50,537 INFO [1762122940456]       StepMonitoring.java:98   | MEASURES
2025-11-02 14:35:50,545 INFO [1762122940456]                 Page.java:307  | 7 raw measures: [7 in system#1]
2025-11-02 14:35:50,546 INFO [1762122940456]       StepMonitoring.java:98   | CHORDS
2025-11-02 14:35:50,555 INFO [1762122940456]       StepMonitoring.java:98   | CURVES
2025-11-02 14:35:51,454 INFO [1762122940456]         SlursBuilder.java:240  | Slurs: 0
2025-11-02 14:35:51,458 INFO [1762122940456]      SegmentsBuilder.java:155  | Segments: 2
2025-11-02 14:35:51,461 INFO [1762122940456]       StepMonitoring.java:98   | SYMBOLS
2025-11-02 14:35:51,650 INFO [1762122940456]       StepMonitoring.java:98   | LINKS
2025-11-02 14:35:51,661 INFO [1762122940456]       StepMonitoring.java:98   | RHYTHMS
2025-11-02 14:35:51,680 INFO [1762122940456]       StepMonitoring.java:98   | PAGE
2025-11-02 14:35:51,683 INFO [1762122940456]                 Book.java:2550 | Book{1762122940456} storing
2025-11-02 14:35:51,706 INFO [1762122940456]                 Book.java:2531 | Stored /book.xml
2025-11-02 14:35:51,850 INFO [1762122940456]           DataHolder.java:348  | Stored /sheet#1/BINARY.png
2025-11-02 14:35:52,053 INFO [1762122940456]                Sheet.java:1562 | Stored /sheet#1/sheet#1.xml
2025-11-02 14:35:52,054 INFO [1762122940456]                 Book.java:2491 | Book stored as /Users/isabellelin/Documents/polygence-website/uploads/1762122940456.omr
2025-11-02 14:35:52,055 INFO [1762122940456]            SheetStub.java:1644 | Disposed sheet
2025-11-02 14:35:52,092 INFO [1762122940456]                 Book.java:2018 | End of Stub#1 memory: 36,164,824
2025-11-02 14:35:52,092 INFO [1762122940456]                 Book.java:2025 | Book processed.
2025-11-02 14:35:52,464 INFO [1762122940456]            SheetStub.java:995  | Loaded /sheet#1/sheet#1.xml
2025-11-02 14:35:52,695 INFO [1762122940456]      PartwiseBuilder.java:2661 | Exporting sheet(s): [#1]
2025-11-02 14:35:52,721 INFO [1762122940456]        ScoreExporter.java:164  | Score 1762122940456 exported to /Users/isabellelin/Documents/polygence-website/uploads/1762122940456.mxl
2025-11-02 14:35:52,744 INFO [1762122940456]                Score.java:181  | Closing {Score 1}
