2025-11-02 14:31:43,874 ERROR [1762122702248]              IOUtils.java:278  | Unmapping is not supported.
java.lang.reflect.InaccessibleObjectException: Unable to make public jdk.internal.ref.Cleaner java.nio.DirectByteBuffer.cleaner() accessible: module java.base does not "opens java.nio" to unnamed module @41fbdac4
	at java.base/java.lang.reflect.AccessibleObject.throwInaccessibleObjectException(Unknown Source)
	at java.base/java.lang.reflect.AccessibleObject.checkCanSetAccessible(Unknown Source)
	at java.base/java.lang.reflect.AccessibleObject.checkCanSetAccessible(Unknown Source)
	at java.base/java.lang.reflect.Method.checkCanSetAccessible(Unknown Source)
	at java.base/java.lang.reflect.Method.setAccessible(Unknown Source)
	at org.apache.pdfbox.io.IOUtils.unmapper(IOUtils.java:244)
	at java.base/java.security.AccessController.doPrivileged(Unknown Source)
	at org.apache.pdfbox.io.IOUtils.<clinit>(IOUtils.java:69)
	at org.apache.pdfbox.Loader.loadPDF(Loader.java:378)
	at org.audiveris.omr.image.ImageLoading.getPdfLoader(ImageLoading.java:159)
	at org.audiveris.omr.image.ImageLoading.getLoader(ImageLoading.java:209)
	at org.audiveris.omr.sheet.Book.createStubs(Book.java:557)
	at org.audiveris.omr.CLI$ProcessingTask.processBook(CLI.java:830)
	at org.audiveris.omr.CLI$CliTask.call(CLI.java:504)
	at org.audiveris.omr.Main.runBatchTasks(Main.java:371)
	at org.audiveris.omr.Main.main(Main.java:260)
	at Audiveris.main(Audiveris.java:50)
2025-11-02 14:31:43,928 INFO [1762122702248]                 Book.java:562  | 1 sheet in /Users/isabellelin/Documents/polygence-website/uploads/1762122702248.pdf
2025-11-02 14:31:44,033 INFO []                 Book.java:2531 | Stored /book.xml
2025-11-02 14:31:44,033 INFO []                 Book.java:2491 | Book stored as /Users/isabellelin/Documents/polygence-website/uploads/1762122702248.omr
2025-11-02 14:31:44,036 INFO []                 Book.java:1933 | Book reaching PAGE on sheets:[#1]
2025-11-02 14:31:44,037 INFO [1762122702248]       StepMonitoring.java:98   | LOAD
2025-11-02 14:31:44,256 INFO [1762122702248]            SheetStub.java:1268 | Loaded image #1 2550x3299 from /Users/isabellelin/Documents/polygence-website/uploads/1762122702248.pdf
2025-11-02 14:31:44,258 INFO [1762122702248]       StepMonitoring.java:98   | BINARY
2025-11-02 14:31:44,601 INFO [1762122702248]       StepMonitoring.java:98   | SCALE
2025-11-02 14:31:44,610 INFO [1762122702248]         ScaleBuilder.java:241  | Beam  guessed height: 10 -- 0.50 of 21 interline
2025-11-02 14:31:44,610 INFO [1762122702248]         ScaleBuilder.java:264  | Beam measured height: 20 -- 0.93 of [6..21] range at 98% of needed quorum
2025-11-02 14:31:44,610 WARN [1762122702248]         ScaleBuilder.java:293  | No reliable beam height found, guessed value: 10
2025-11-02 14:31:44,611 INFO [1762122702248]            ScaleStep.java:65   | Scale{ interline(20,21,21) line(2,2,3) beam(10 extra)}
2025-11-02 14:31:44,611 INFO [1762122702248]       StepMonitoring.java:98   | GRID
2025-11-02 14:31:44,855 INFO [1762122702248]       LinesRetriever.java:1500 | Global slope: 0.00000
2025-11-02 14:31:44,880 INFO [1762122702248]    ClustersRetriever.java:853  | Destroying spurious Cluster#C161{interline(20,21,21) size:5 fil#161@0 fil#163@1 fil#166@2 fil#172@3 fil#182@4}
2025-11-02 14:31:44,880 INFO [1762122702248]    ClustersRetriever.java:328  | Retrieved raw line clusters: 1 of sizes [5] with interline(20,21,21)
2025-11-02 14:31:44,909 INFO [1762122702248]            PeakGraph.java:310  | Systems: #1[1]
2025-11-02 14:31:45,009 INFO [1762122702248]        SystemManager.java:779  | 1 part along 1 system
2025-11-02 14:31:45,009 INFO [1762122702248]                 Book.java:545  | Created scores: [{Score 1}]
2025-11-02 14:31:45,009 INFO [1762122702248]       StepMonitoring.java:98   | HEADERS
2025-11-02 14:31:45,177 INFO [1762122702248]      BasicClassifier.java:277  | Classifier loaded XML norms.
2025-11-02 14:31:45,179 INFO [1762122702248]   AbstractClassifier.java:396  | Classifier data loaded from default uri jar:file:/Applications/Audiveris.app/Contents/app/audiveris.jar!/res/basic-classifier.zip
2025-11-02 14:31:45,642 INFO [1762122702248]       StepMonitoring.java:98   | STEM_SEEDS
2025-11-02 14:31:45,673 INFO [1762122702248]        StemSeedsStep.java:86   | stem(2 max:2)
2025-11-02 14:31:45,684 INFO [1762122702248]       StepMonitoring.java:98   | BEAMS
2025-11-02 14:31:49,323 INFO [1762122702248]       StepMonitoring.java:98   | LEDGERS
2025-11-02 14:31:49,458 INFO [1762122702248]       StepMonitoring.java:98   | HEADS
2025-11-02 14:31:50,980 INFO [1762122702248]        HeadSeedTally.java:235  | Scale information: HeadSeeds{NOTEHEAD_BLACK[L:-0.5]}
2025-11-02 14:31:50,980 INFO [1762122702248]       StepMonitoring.java:98   | STEMS
2025-11-02 14:31:51,071 INFO [1762122702248]       StepMonitoring.java:98   | REDUCTION
2025-11-02 14:31:51,091 INFO [1762122702248]        ReductionStep.java:105  | Stems free length median value: 72 pixels, 3.4 interlines
2025-11-02 14:31:51,093 INFO [1762122702248]       StepMonitoring.java:98   | CUE_BEAMS
2025-11-02 14:31:51,093 INFO [1762122702248]         CueBeamsStep.java:81   | Step CUE_BEAMS is skipped because small heads switch is off
2025-11-02 14:31:51,093 INFO [1762122702248]       StepMonitoring.java:98   | TEXTS
2025-11-02 14:31:51,184 WARN [1762122702248]         TesseractOCR.java:335  | The collection of supported languages is empty
2025-11-02 14:31:51,184 INFO [1762122702248]              OcrUtil.java:106  | Missing support for 'eng' language(s)
2025-11-02 14:31:51,189 INFO [1762122702248]       StepMonitoring.java:98   | MEASURES
2025-11-02 14:31:51,196 INFO [1762122702248]                 Page.java:307  | 7 raw measures: [7 in system#1]
2025-11-02 14:31:51,197 INFO [1762122702248]       StepMonitoring.java:98   | CHORDS
2025-11-02 14:31:51,204 INFO [1762122702248]       StepMonitoring.java:98   | CURVES
2025-11-02 14:31:52,126 INFO [1762122702248]         SlursBuilder.java:240  | Slurs: 0
2025-11-02 14:31:52,132 INFO [1762122702248]      SegmentsBuilder.java:155  | Segments: 2
2025-11-02 14:31:52,136 INFO [1762122702248]       StepMonitoring.java:98   | SYMBOLS
2025-11-02 14:31:52,403 INFO [1762122702248]       StepMonitoring.java:98   | LINKS
2025-11-02 14:31:52,418 INFO [1762122702248]       StepMonitoring.java:98   | RHYTHMS
2025-11-02 14:31:52,446 INFO [1762122702248]       StepMonitoring.java:98   | PAGE
2025-11-02 14:31:52,451 INFO [1762122702248]                 Book.java:2550 | Book{1762122702248} storing
2025-11-02 14:31:52,483 INFO [1762122702248]                 Book.java:2531 | Stored /book.xml
2025-11-02 14:31:52,685 INFO [1762122702248]           DataHolder.java:348  | Stored /sheet#1/BINARY.png
2025-11-02 14:31:52,907 INFO [1762122702248]                Sheet.java:1562 | Stored /sheet#1/sheet#1.xml
2025-11-02 14:31:52,908 INFO [1762122702248]                 Book.java:2491 | Book stored as /Users/isabellelin/Documents/polygence-website/uploads/1762122702248.omr
2025-11-02 14:31:52,909 INFO [1762122702248]            SheetStub.java:1644 | Disposed sheet
2025-11-02 14:31:52,945 INFO [1762122702248]                 Book.java:2018 | End of Stub#1 memory: 36,703,224
2025-11-02 14:31:52,946 INFO [1762122702248]                 Book.java:2025 | Book processed.
2025-11-02 14:31:53,320 INFO [1762122702248]            SheetStub.java:995  | Loaded /sheet#1/sheet#1.xml
2025-11-02 14:31:53,523 INFO [1762122702248]      PartwiseBuilder.java:2661 | Exporting sheet(s): [#1]
2025-11-02 14:31:53,549 INFO [1762122702248]        ScoreExporter.java:164  | Score 1762122702248 exported to /Users/isabellelin/Documents/polygence-website/uploads/1762122702248.mxl
2025-11-02 14:31:53,570 INFO [1762122702248]                Score.java:181  | Closing {Score 1}
