2025-11-02 14:38:27,810 ERROR [1762123106167]              IOUtils.java:278  | Unmapping is not supported.
java.lang.reflect.InaccessibleObjectException: Unable to make public jdk.internal.ref.Cleaner java.nio.DirectByteBuffer.cleaner() accessible: module java.base does not "opens java.nio" to unnamed module @41fbdac4
	at java.base/java.lang.reflect.AccessibleObject.throwInaccessibleObjectException(Unknown Source)
	at java.base/java.lang.reflect.AccessibleObject.checkCanSetAccessible(Unknown Source)
	at java.base/java.lang.reflect.AccessibleObject.checkCanSetAccessible(Unknown Source)
	at java.base/java.lang.reflect.Method.checkCanSetAccessible(Unknown Source)
	at java.base/java.lang.reflect.Method.setAccessible(Unknown Source)
	at org.apache.pdfbox.io.IOUtils.unmapper(IOUtils.java:244)
	at java.base/java.security.AccessController.doPrivileged(Unknown Source)
	at org.apache.pdfbox.io.IOUtils.<clinit>(IOUtils.java:69)
	at org.apache.pdfbox.Loader.loadPDF(Loader.java:378)
	at org.audiveris.omr.image.ImageLoading.getPdfLoader(ImageLoading.java:159)
	at org.audiveris.omr.image.ImageLoading.getLoader(ImageLoading.java:209)
	at org.audiveris.omr.sheet.Book.createStubs(Book.java:557)
	at org.audiveris.omr.CLI$ProcessingTask.processBook(CLI.java:830)
	at org.audiveris.omr.CLI$CliTask.call(CLI.java:504)
	at org.audiveris.omr.Main.runBatchTasks(Main.java:371)
	at org.audiveris.omr.Main.main(Main.java:260)
	at Audiveris.main(Audiveris.java:50)
2025-11-02 14:38:27,854 INFO [1762123106167]                 Book.java:562  | 1 sheet in /Users/isabellelin/Documents/polygence-website/uploads/1762123106167.pdf
2025-11-02 14:38:27,956 INFO []                 Book.java:2531 | Stored /book.xml
2025-11-02 14:38:27,956 INFO []                 Book.java:2491 | Book stored as /Users/isabellelin/Documents/polygence-website/uploads/1762123106167.omr
2025-11-02 14:38:27,959 INFO []                 Book.java:1933 | Book reaching PAGE on sheets:[#1]
2025-11-02 14:38:27,959 INFO [1762123106167]       StepMonitoring.java:98   | LOAD
2025-11-02 14:38:28,172 INFO [1762123106167]            SheetStub.java:1268 | Loaded image #1 2550x3299 from /Users/isabellelin/Documents/polygence-website/uploads/1762123106167.pdf
2025-11-02 14:38:28,174 INFO [1762123106167]       StepMonitoring.java:98   | BINARY
2025-11-02 14:38:28,519 INFO [1762123106167]       StepMonitoring.java:98   | SCALE
2025-11-02 14:38:28,527 INFO [1762123106167]         ScaleBuilder.java:241  | Beam  guessed height: 10 -- 0.50 of 21 interline
2025-11-02 14:38:28,528 INFO [1762123106167]         ScaleBuilder.java:264  | Beam measured height: 20 -- 0.93 of [6..21] range at 98% of needed quorum
2025-11-02 14:38:28,528 WARN [1762123106167]         ScaleBuilder.java:293  | No reliable beam height found, guessed value: 10
2025-11-02 14:38:28,529 INFO [1762123106167]            ScaleStep.java:65   | Scale{ interline(20,21,21) line(2,2,3) beam(10 extra)}
2025-11-02 14:38:28,529 INFO [1762123106167]       StepMonitoring.java:98   | GRID
2025-11-02 14:38:28,777 INFO [1762123106167]       LinesRetriever.java:1500 | Global slope: 0.00000
2025-11-02 14:38:28,788 INFO [1762123106167]    ClustersRetriever.java:853  | Destroying spurious Cluster#C161{interline(20,21,21) size:5 fil#161@0 fil#163@1 fil#166@2 fil#172@3 fil#182@4}
2025-11-02 14:38:28,788 INFO [1762123106167]    ClustersRetriever.java:328  | Retrieved raw line clusters: 1 of sizes [5] with interline(20,21,21)
2025-11-02 14:38:28,823 INFO [1762123106167]            PeakGraph.java:310  | Systems: #1[1]
2025-11-02 14:38:28,972 INFO [1762123106167]        SystemManager.java:779  | 1 part along 1 system
2025-11-02 14:38:28,974 INFO [1762123106167]                 Book.java:545  | Created scores: [{Score 1}]
2025-11-02 14:38:28,974 INFO [1762123106167]       StepMonitoring.java:98   | HEADERS
2025-11-02 14:38:29,154 INFO [1762123106167]      BasicClassifier.java:277  | Classifier loaded XML norms.
2025-11-02 14:38:29,156 INFO [1762123106167]   AbstractClassifier.java:396  | Classifier data loaded from default uri jar:file:/Applications/Audiveris.app/Contents/app/audiveris.jar!/res/basic-classifier.zip
2025-11-02 14:38:29,649 INFO [1762123106167]       StepMonitoring.java:98   | STEM_SEEDS
2025-11-02 14:38:29,683 INFO [1762123106167]        StemSeedsStep.java:86   | stem(2 max:2)
2025-11-02 14:38:29,697 INFO [1762123106167]       StepMonitoring.java:98   | BEAMS
2025-11-02 14:38:33,862 INFO [1762123106167]       StepMonitoring.java:98   | LEDGERS
2025-11-02 14:38:34,008 INFO [1762123106167]       StepMonitoring.java:98   | HEADS
2025-11-02 14:38:35,717 INFO [1762123106167]        HeadSeedTally.java:235  | Scale information: HeadSeeds{NOTEHEAD_BLACK[L:-0.5]}
2025-11-02 14:38:35,718 INFO [1762123106167]       StepMonitoring.java:98   | STEMS
2025-11-02 14:38:35,910 INFO [1762123106167]       StepMonitoring.java:98   | REDUCTION
2025-11-02 14:38:35,936 INFO [1762123106167]        ReductionStep.java:105  | Stems free length median value: 72 pixels, 3.4 interlines
2025-11-02 14:38:35,938 INFO [1762123106167]       StepMonitoring.java:98   | CUE_BEAMS
2025-11-02 14:38:35,939 INFO [1762123106167]         CueBeamsStep.java:81   | Step CUE_BEAMS is skipped because small heads switch is off
2025-11-02 14:38:35,939 INFO [1762123106167]       StepMonitoring.java:98   | TEXTS
2025-11-02 14:38:36,026 WARN [1762123106167]         TesseractOCR.java:335  | The collection of supported languages is empty
2025-11-02 14:38:36,026 INFO [1762123106167]              OcrUtil.java:106  | Missing support for 'eng' language(s)
2025-11-02 14:38:36,033 INFO [1762123106167]       StepMonitoring.java:98   | MEASURES
2025-11-02 14:38:36,043 INFO [1762123106167]                 Page.java:307  | 7 raw measures: [7 in system#1]
2025-11-02 14:38:36,043 INFO [1762123106167]       StepMonitoring.java:98   | CHORDS
2025-11-02 14:38:36,053 INFO [1762123106167]       StepMonitoring.java:98   | CURVES
2025-11-02 14:38:36,967 INFO [1762123106167]         SlursBuilder.java:240  | Slurs: 0
2025-11-02 14:38:36,972 INFO [1762123106167]      SegmentsBuilder.java:155  | Segments: 2
2025-11-02 14:38:36,975 INFO [1762123106167]       StepMonitoring.java:98   | SYMBOLS
2025-11-02 14:38:37,162 INFO [1762123106167]       StepMonitoring.java:98   | LINKS
2025-11-02 14:38:37,174 INFO [1762123106167]       StepMonitoring.java:98   | RHYTHMS
2025-11-02 14:38:37,195 INFO [1762123106167]       StepMonitoring.java:98   | PAGE
2025-11-02 14:38:37,198 INFO [1762123106167]                 Book.java:2550 | Book{1762123106167} storing
2025-11-02 14:38:37,222 INFO [1762123106167]                 Book.java:2531 | Stored /book.xml
2025-11-02 14:38:37,365 INFO [1762123106167]           DataHolder.java:348  | Stored /sheet#1/BINARY.png
2025-11-02 14:38:37,541 INFO [1762123106167]                Sheet.java:1562 | Stored /sheet#1/sheet#1.xml
2025-11-02 14:38:37,541 INFO [1762123106167]                 Book.java:2491 | Book stored as /Users/isabellelin/Documents/polygence-website/uploads/1762123106167.omr
2025-11-02 14:38:37,542 INFO [1762123106167]            SheetStub.java:1644 | Disposed sheet
2025-11-02 14:38:37,573 INFO [1762123106167]                 Book.java:2018 | End of Stub#1 memory: 37,712,504
2025-11-02 14:38:37,574 INFO [1762123106167]                 Book.java:2025 | Book processed.
2025-11-02 14:38:37,700 INFO [1762123106167]            SheetStub.java:995  | Loaded /sheet#1/sheet#1.xml
2025-11-02 14:38:37,932 INFO [1762123106167]      PartwiseBuilder.java:2661 | Exporting sheet(s): [#1]
2025-11-02 14:38:37,963 INFO [1762123106167]        ScoreExporter.java:164  | Score 1762123106167 exported to /Users/isabellelin/Documents/polygence-website/uploads/1762123106167.mxl
2025-11-02 14:38:37,986 INFO [1762123106167]                Score.java:181  | Closing {Score 1}
