2025-11-24 16:40:55,404 ERROR [1764031253029]              IOUtils.java:278  | Unmapping is not supported.
java.lang.reflect.InaccessibleObjectException: Unable to make public jdk.internal.ref.Cleaner java.nio.DirectByteBuffer.cleaner() accessible: module java.base does not "opens java.nio" to unnamed module @41fbdac4
	at java.base/java.lang.reflect.AccessibleObject.throwInaccessibleObjectException(Unknown Source)
	at java.base/java.lang.reflect.AccessibleObject.checkCanSetAccessible(Unknown Source)
	at java.base/java.lang.reflect.AccessibleObject.checkCanSetAccessible(Unknown Source)
	at java.base/java.lang.reflect.Method.checkCanSetAccessible(Unknown Source)
	at java.base/java.lang.reflect.Method.setAccessible(Unknown Source)
	at org.apache.pdfbox.io.IOUtils.unmapper(IOUtils.java:244)
	at java.base/java.security.AccessController.doPrivileged(Unknown Source)
	at org.apache.pdfbox.io.IOUtils.<clinit>(IOUtils.java:69)
	at org.apache.pdfbox.Loader.loadPDF(Loader.java:378)
	at org.audiveris.omr.image.ImageLoading.getPdfLoader(ImageLoading.java:159)
	at org.audiveris.omr.image.ImageLoading.getLoader(ImageLoading.java:209)
	at org.audiveris.omr.sheet.Book.createStubs(Book.java:557)
	at org.audiveris.omr.CLI$ProcessingTask.processBook(CLI.java:830)
	at org.audiveris.omr.CLI$CliTask.call(CLI.java:504)
	at org.audiveris.omr.Main.runBatchTasks(Main.java:371)
	at org.audiveris.omr.Main.main(Main.java:260)
	at Audiveris.main(Audiveris.java:50)
2025-11-24 16:40:55,524 INFO [1764031253029]                 Book.java:562  | 1 sheet in /Users/isabellelin/Documents/polygence-website/uploads/1764031253029.pdf
2025-11-24 16:40:55,648 INFO []                 Book.java:2531 | Stored /book.xml
2025-11-24 16:40:55,648 INFO []                 Book.java:2491 | Book stored as /Users/isabellelin/Documents/polygence-website/uploads/1764031253029.omr
2025-11-24 16:40:55,651 INFO []                 Book.java:1933 | Book reaching PAGE on sheets:[#1]
2025-11-24 16:40:55,653 INFO [1764031253029]       StepMonitoring.java:98   | LOAD
2025-11-24 16:40:56,002 INFO [1764031253029]            SheetStub.java:1268 | Loaded image #1 2550x3299 from /Users/isabellelin/Documents/polygence-website/uploads/1764031253029.pdf
2025-11-24 16:40:56,004 INFO [1764031253029]       StepMonitoring.java:98   | BINARY
2025-11-24 16:40:56,382 INFO [1764031253029]       StepMonitoring.java:98   | SCALE
2025-11-24 16:40:56,406 INFO [1764031253029]         ScaleBuilder.java:241  | Beam  guessed height: 10 -- 0.50 of 21 interline
2025-11-24 16:40:56,407 INFO [1764031253029]         ScaleBuilder.java:264  | Beam measured height: 11 -- 0.33 of [6..21] range at 150% of needed quorum
2025-11-24 16:40:56,407 INFO [1764031253029]            ScaleStep.java:65   | Scale{ interline(21,21,22) line(2,2,2) beam(11)}
2025-11-24 16:40:56,407 INFO [1764031253029]       StepMonitoring.java:98   | GRID
2025-11-24 16:40:56,859 INFO [1764031253029]       LinesRetriever.java:1500 | Global slope: 0.00000
2025-11-24 16:40:56,884 INFO [1764031253029]    ClustersRetriever.java:328  | Retrieved raw line clusters: 10 of sizes [5] with interline(21,21,22)
2025-11-24 16:40:57,013 INFO [1764031253029]            PeakGraph.java:310  | Systems: #1[1] #2[2] #3[3] #4[4] #5[5] #6[6] #7[7] #8[8] #9[9] #10[10]
2025-11-24 16:40:57,292 INFO [1764031253029]        SystemManager.java:779  | 1 part along 10 systems
2025-11-24 16:40:57,293 INFO [1764031253029]                 Book.java:545  | Created scores: [{Score 1}]
2025-11-24 16:40:57,294 INFO [1764031253029]       StepMonitoring.java:98   | HEADERS
2025-11-24 16:40:57,578 INFO [1764031253029]      BasicClassifier.java:277  | Classifier loaded XML norms.
2025-11-24 16:40:57,581 INFO [1764031253029]   AbstractClassifier.java:396  | Classifier data loaded from default uri jar:file:/Applications/Audiveris.app/Contents/app/audiveris.jar!/res/basic-classifier.zip
2025-11-24 16:40:58,666 INFO [1764031253029]       StepMonitoring.java:98   | STEM_SEEDS
2025-11-24 16:40:58,743 INFO [1764031253029]        StemSeedsStep.java:86   | stem(5 max:5)
2025-11-24 16:40:58,798 INFO [1764031253029]       StepMonitoring.java:98   | BEAMS
2025-11-24 16:41:03,442 INFO [1764031253029]       StepMonitoring.java:98   | LEDGERS
2025-11-24 16:41:03,640 INFO [1764031253029]       StepMonitoring.java:98   | HEADS
2025-11-24 16:41:08,968 INFO [1764031253029]        HeadSeedTally.java:235  | Scale information: HeadSeeds{NOTEHEAD_BLACK[L:0.4,R:0.5]}
2025-11-24 16:41:08,970 INFO [1764031253029]       StepMonitoring.java:98   | STEMS
2025-11-24 16:41:09,262 INFO [1764031253029]       StepMonitoring.java:98   | REDUCTION
2025-11-24 16:41:09,319 INFO [1764031253029]        ReductionStep.java:105  | Stems free length median value: 75 pixels, 3.6 interlines
2025-11-24 16:41:09,322 INFO [1764031253029]       StepMonitoring.java:98   | CUE_BEAMS
2025-11-24 16:41:09,322 INFO [1764031253029]         CueBeamsStep.java:81   | Step CUE_BEAMS is skipped because small heads switch is off
2025-11-24 16:41:09,323 INFO [1764031253029]       StepMonitoring.java:98   | TEXTS
2025-11-24 16:41:09,446 WARN [1764031253029]         TesseractOCR.java:335  | The collection of supported languages is empty
2025-11-24 16:41:09,446 INFO [1764031253029]              OcrUtil.java:106  | Missing support for 'eng' language(s)
2025-11-24 16:41:09,456 INFO [1764031253029]       StepMonitoring.java:98   | MEASURES
2025-11-24 16:41:09,464 INFO [1764031253029]                 Page.java:307  | 65 raw measures: [7 in system#1, 7 in system#2, 7 in system#3, 7 in system#4, 7 in system#5, 7 in system#6, 7 in system#7, 7 in system#8, 5 in system#9, 4 in system#10]
2025-11-24 16:41:09,464 INFO [1764031253029]       StepMonitoring.java:98   | CHORDS
2025-11-24 16:41:09,475 INFO [1764031253029]       StepMonitoring.java:98   | CURVES
2025-11-24 16:41:10,548 INFO [1764031253029]         SlursBuilder.java:240  | Slurs: 48
2025-11-24 16:41:10,570 INFO [1764031253029]      SegmentsBuilder.java:155  | Segments: 43
2025-11-24 16:41:10,574 INFO [1764031253029]       StepMonitoring.java:98   | SYMBOLS
2025-11-24 16:41:11,036 INFO [1764031253029]       StepMonitoring.java:98   | LINKS
2025-11-24 16:41:11,038 INFO [1764031253029]        SymbolsLinker.java:257  | No chord linked to OctaveShiftInter#4994{(0.769) staff:1 OTTAVA BASSA}
2025-11-24 16:41:11,044 INFO [1764031253029]        SymbolsLinker.java:257  | No chord linked to OctaveShiftInter#5008{(0.769) staff:2 OTTAVA ALTA}
2025-11-24 16:41:11,047 INFO [1764031253029]        SymbolsLinker.java:257  | No chord linked to OctaveShiftInter#5020{(0.203) staff:3 VENTIDUESIMA BASSA}
2025-11-24 16:41:11,051 INFO [1764031253029]        SymbolsLinker.java:257  | No chord linked to OctaveShiftInter#5027{(0.203) staff:4 VENTIDUESIMA ALTA}
2025-11-24 16:41:11,055 INFO [1764031253029]        SymbolsLinker.java:257  | No chord linked to OctaveShiftInter#5066{(0.197) staff:5 VENTIDUESIMA BASSA}
2025-11-24 16:41:11,058 INFO [1764031253029]        SymbolsLinker.java:257  | No chord linked to OctaveShiftInter#5092{(0.197) staff:6 VENTIDUESIMA ALTA}
2025-11-24 16:41:11,070 INFO [1764031253029]       StepMonitoring.java:98   | RHYTHMS
2025-11-24 16:41:11,107 INFO [1764031253029]       StepMonitoring.java:98   | PAGE
2025-11-24 16:41:11,112 INFO [1764031253029]                 Book.java:2550 | Book{1764031253029} storing
2025-11-24 16:41:11,153 INFO [1764031253029]                 Book.java:2531 | Stored /book.xml
2025-11-24 16:41:11,324 INFO [1764031253029]           DataHolder.java:348  | Stored /sheet#1/BINARY.png
2025-11-24 16:41:12,046 INFO [1764031253029]                Sheet.java:1562 | Stored /sheet#1/sheet#1.xml
2025-11-24 16:41:12,046 INFO [1764031253029]                 Book.java:2491 | Book stored as /Users/isabellelin/Documents/polygence-website/uploads/1764031253029.omr
2025-11-24 16:41:12,048 INFO [1764031253029]            SheetStub.java:1644 | Disposed sheet
2025-11-24 16:41:12,092 INFO [1764031253029]                 Book.java:2018 | End of Stub#1 memory: 45,848,352
2025-11-24 16:41:12,093 INFO [1764031253029]                 Book.java:2025 | Book processed.
2025-11-24 16:41:12,387 INFO [1764031253029]            SheetStub.java:995  | Loaded /sheet#1/sheet#1.xml
2025-11-24 16:41:12,595 INFO [1764031253029]      PartwiseBuilder.java:2661 | Exporting sheet(s): [#1]
2025-11-24 16:41:12,648 INFO [1764031253029]        ScoreExporter.java:164  | Score 1764031253029 exported to /Users/isabellelin/Documents/polygence-website/uploads/1764031253029.mxl
2025-11-24 16:41:12,683 INFO [1764031253029]                Score.java:181  | Closing {Score 1}
